#-----------------------------------------------------------
# Vivado v2020.2 (64-bit)
# SW Build 3064766 on Wed Nov 18 09:12:45 MST 2020
# IP Build 3064653 on Wed Nov 18 14:17:31 MST 2020
# Start of session at: Sun Jun 12 20:41:10 2022
# Process ID: 16692
# Current directory: C:/Academico/UA/4ano/2semestre/CR/Pratica/Projeto/palindromos
# Command line: vivado.exe -gui_launcher_event rodinguilauncherevent18036 C:\Academico\UA\4ano\2semestre\CR\Pratica\Projeto\palindromos\palindromos.xpr
# Log file: C:/Academico/UA/4ano/2semestre/CR/Pratica/Projeto/palindromos/vivado.log
# Journal file: C:/Academico/UA/4ano/2semestre/CR/Pratica/Projeto/palindromos\vivado.jou
#-----------------------------------------------------------
start_gui
open_project C:/Academico/UA/4ano/2semestre/CR/Pratica/Projeto/palindromos/palindromos.xpr
WARNING: [filemgmt 56-3] Default IP Output Path : Could not find the directory 'C:/Academico/UA/4ano/2semestre/CR/Pratica/Projeto/palindromos/palindromos.gen/sources_1'.
Scanning sources...
Finished scanning sources
INFO: [IP_Flow 19-234] Refreshing IP repositories
INFO: [IP_Flow 19-1704] No user IP repositories specified
INFO: [IP_Flow 19-2313] Loaded Vivado IP repository 'C:/Xilinx/Vivado/2020.2/data/ip'.
update_compile_order -fileset sources_1
exit
INFO: [Common 17-206] Exiting Vivado at Sun Jun 12 20:42:39 2022...
