#-----------------------------------------------------------
# Vivado v2020.2 (64-bit)
# SW Build 3064766 on Wed Nov 18 09:12:45 MST 2020
# IP Build 3064653 on Wed Nov 18 14:17:31 MST 2020
# Start of session at: Thu Jun 16 10:46:35 2022
# Process ID: 20596
# Current directory: C:/Academico/UA/4ano/2semestre/CR/Pratica/Projeto/palindromos
# Command line: vivado.exe -gui_launcher_event rodinguilauncherevent15736 C:\Academico\UA\4ano\2semestre\CR\Pratica\Projeto\palindromos\palindromos.xpr
# Log file: C:/Academico/UA/4ano/2semestre/CR/Pratica/Projeto/palindromos/vivado.log
# Journal file: C:/Academico/UA/4ano/2semestre/CR/Pratica/Projeto/palindromos\vivado.jou
#-----------------------------------------------------------
start_gui
open_project C:/Academico/UA/4ano/2semestre/CR/Pratica/Projeto/palindromos/palindromos.xpr
WARNING: [filemgmt 56-3] Default IP Output Path : Could not find the directory 'C:/Academico/UA/4ano/2semestre/CR/Pratica/Projeto/palindromos/palindromos.gen/sources_1'.
Scanning sources...
Finished scanning sources
INFO: [IP_Flow 19-234] Refreshing IP repositories
INFO: [IP_Flow 19-1704] No user IP repositories specified
INFO: [IP_Flow 19-2313] Loaded Vivado IP repository 'C:/Xilinx/Vivado/2020.2/data/ip'.
open_project: Time (s): cpu = 00:00:18 ; elapsed = 00:00:06 . Memory (MB): peak = 1000.539 ; gain = 0.000
update_compile_order -fileset sources_1
close [ open C:/Academico/UA/4ano/2semestre/CR/Pratica/Projeto/palindromos/palindromos.srcs/sources_1/new/CountPalindrome.vhd w ]
add_files C:/Academico/UA/4ano/2semestre/CR/Pratica/Projeto/palindromos/palindromos.srcs/sources_1/new/CountPalindrome.vhd
update_compile_order -fileset sources_1
update_compile_order -fileset sources_1
reset_run synth_1
launch_runs synth_1 -jobs 4
[Thu Jun 16 11:02:04 2022] Launched synth_1...
Run output will be captured here: C:/Academico/UA/4ano/2semestre/CR/Pratica/Projeto/palindromos/palindromos.runs/synth_1/runme.log
reset_run synth_1
launch_runs synth_1 -jobs 4
[Thu Jun 16 11:02:54 2022] Launched synth_1...
Run output will be captured here: C:/Academico/UA/4ano/2semestre/CR/Pratica/Projeto/palindromos/palindromos.runs/synth_1/runme.log
reset_run synth_1
WARNING: [Vivado 12-1017] Problems encountered:
1. Failed to delete one or more files in run directory C:/Academico/UA/4ano/2semestre/CR/Pratica/Projeto/palindromos/palindromos.runs/synth_1

launch_runs synth_1 -jobs 4
[Thu Jun 16 11:03:14 2022] Launched synth_1...
Run output will be captured here: C:/Academico/UA/4ano/2semestre/CR/Pratica/Projeto/palindromos/palindromos.runs/synth_1/runme.log
launch_runs impl_1 -jobs 4
[Thu Jun 16 11:04:39 2022] Launched impl_1...
Run output will be captured here: C:/Academico/UA/4ano/2semestre/CR/Pratica/Projeto/palindromos/palindromos.runs/impl_1/runme.log
reset_run synth_1
launch_runs synth_1 -jobs 4
[Thu Jun 16 11:06:19 2022] Launched synth_1...
Run output will be captured here: C:/Academico/UA/4ano/2semestre/CR/Pratica/Projeto/palindromos/palindromos.runs/synth_1/runme.log
launch_runs impl_1 -jobs 4
[Thu Jun 16 11:07:10 2022] Launched impl_1...
Run output will be captured here: C:/Academico/UA/4ano/2semestre/CR/Pratica/Projeto/palindromos/palindromos.runs/impl_1/runme.log
reset_run synth_1
launch_runs synth_1 -jobs 4
[Thu Jun 16 11:07:33 2022] Launched synth_1...
Run output will be captured here: C:/Academico/UA/4ano/2semestre/CR/Pratica/Projeto/palindromos/palindromos.runs/synth_1/runme.log
reset_run synth_1
launch_runs synth_1 -jobs 4
[Thu Jun 16 11:08:37 2022] Launched synth_1...
Run output will be captured here: C:/Academico/UA/4ano/2semestre/CR/Pratica/Projeto/palindromos/palindromos.runs/synth_1/runme.log
launch_runs impl_1 -jobs 4
[Thu Jun 16 11:09:37 2022] Launched impl_1...
Run output will be captured here: C:/Academico/UA/4ano/2semestre/CR/Pratica/Projeto/palindromos/palindromos.runs/impl_1/runme.log
reset_run synth_1
launch_runs synth_1 -jobs 4
[Thu Jun 16 11:13:53 2022] Launched synth_1...
Run output will be captured here: C:/Academico/UA/4ano/2semestre/CR/Pratica/Projeto/palindromos/palindromos.runs/synth_1/runme.log
reset_run synth_1
launch_runs synth_1 -jobs 4
[Thu Jun 16 11:17:11 2022] Launched synth_1...
Run output will be captured here: C:/Academico/UA/4ano/2semestre/CR/Pratica/Projeto/palindromos/palindromos.runs/synth_1/runme.log
reset_run synth_1
launch_runs synth_1 -jobs 4
[Thu Jun 16 11:23:52 2022] Launched synth_1...
Run output will be captured here: C:/Academico/UA/4ano/2semestre/CR/Pratica/Projeto/palindromos/palindromos.runs/synth_1/runme.log
launch_runs impl_1 -jobs 4
[Thu Jun 16 11:28:40 2022] Launched impl_1...
Run output will be captured here: C:/Academico/UA/4ano/2semestre/CR/Pratica/Projeto/palindromos/palindromos.runs/impl_1/runme.log
launch_runs impl_1 -to_step write_bitstream -jobs 4
[Thu Jun 16 11:36:18 2022] Launched impl_1...
Run output will be captured here: C:/Academico/UA/4ano/2semestre/CR/Pratica/Projeto/palindromos/palindromos.runs/impl_1/runme.log
reset_run impl_1 -prev_step 
launch_runs impl_1 -to_step write_bitstream -jobs 4
[Thu Jun 16 11:38:05 2022] Launched impl_1...
Run output will be captured here: C:/Academico/UA/4ano/2semestre/CR/Pratica/Projeto/palindromos/palindromos.runs/impl_1/runme.log
exit
INFO: [Common 17-206] Exiting Vivado at Thu Jun 16 11:58:38 2022...
