12:24:50 INFO  : Registering command handlers for Vitis TCF services
12:24:50 INFO  : Launching XSCT server: xsct.bat -n  -interactive C:\Users\Raquel\Desktop\Project_CR\projeto\palindrome_vitis_v3\temp_xsdb_launch_script.tcl
12:24:55 INFO  : XSCT server has started successfully.
12:24:55 INFO  : Successfully done setting XSCT server connection channel  
12:24:55 INFO  : Platform repository initialization has completed.
12:24:55 INFO  : plnx-install-location is set to ''
12:24:55 INFO  : Successfully done setting workspace for the tool. 
12:24:55 INFO  : Successfully done query RDI_DATADIR 
12:25:28 INFO  : Result from executing command 'getProjects': mb_design_palindrome_v3
12:25:28 INFO  : Result from executing command 'getPlatforms': 
12:25:29 WARN  : An unexpected exception occurred in the module 'platform project logging'
12:25:29 INFO  : Platform 'mb_design_palindrome_v3' is added to custom repositories.
12:25:31 INFO  : Platform 'mb_design_palindrome_v3' is added to custom repositories.
12:27:09 INFO  : Result from executing command 'getProjects': mb_design_palindrome_v3
12:27:09 INFO  : Result from executing command 'getPlatforms': mb_design_palindrome_v3|C:/Users/Raquel/Desktop/Project_CR/projeto/palindrome_vitis_v3/mb_design_palindrome_v3/export/mb_design_palindrome_v3/mb_design_palindrome_v3.xpfm
12:27:36 INFO  : Result from executing command 'getProjects': mb_design_palindrome_v3
12:27:36 INFO  : Result from executing command 'getPlatforms': mb_design_palindrome_v3|C:/Users/Raquel/Desktop/Project_CR/projeto/palindrome_vitis_v3/mb_design_palindrome_v3/export/mb_design_palindrome_v3/mb_design_palindrome_v3.xpfm
12:28:01 INFO  : Result from executing command 'getProjects': mb_design_palindrome_v3
12:28:01 INFO  : Result from executing command 'getPlatforms': mb_design_palindrome_v3|C:/Users/Raquel/Desktop/Project_CR/projeto/palindrome_vitis_v3/mb_design_palindrome_v3/export/mb_design_palindrome_v3/mb_design_palindrome_v3.xpfm
12:28:01 INFO  : Checking for BSP changes to sync application flags for project 'palindrome_App'...
12:28:10 INFO  : Connected to target on host '127.0.0.1' and port '3121'.
12:28:10 INFO  : Jtag cable 'Digilent Nexys4 210274505240A' is selected.
12:28:10 INFO  : 'jtag frequency' command is executed.
12:28:10 INFO  : 'targets -set -filter {jtag_cable_name =~ "Digilent Nexys4 210274505240A" && level==0 && jtag_device_ctx=="jsn-Nexys4-210274505240A-13631093-0"}' command is executed.
12:28:13 INFO  : Device configured successfully with "C:/Users/Raquel/Desktop/Project_CR/projeto/palindrome_vitis_v3/palindrome_App/_ide/bitstream/mb_design_palindrome_v3.bit"
12:28:13 INFO  : Context for processor 'microblaze_0' is selected.
12:28:13 INFO  : Hardware design and registers information is loaded from 'C:/Users/Raquel/Desktop/Project_CR/projeto/palindrome_vitis_v3/mb_design_palindrome_v3/export/mb_design_palindrome_v3/hw/mb_design_palindrome_v3.xsa'.
12:28:13 INFO  : 'configparams mdm-detect-bscan-mask 2' command is executed.
12:28:13 INFO  : Context for processor 'microblaze_0' is selected.
12:28:13 INFO  : System reset is completed.
12:28:16 INFO  : 'after 3000' command is executed.
12:28:16 INFO  : Context for processor 'microblaze_0' is selected.
12:28:16 INFO  : The application 'C:/Users/Raquel/Desktop/Project_CR/projeto/palindrome_vitis_v3/palindrome_App/Debug/palindrome_App.elf' is downloaded to processor 'microblaze_0'.
12:28:16 INFO  : ----------------XSDB Script----------------
connect -url tcp:127.0.0.1:3121
targets -set -filter {jtag_cable_name =~ "Digilent Nexys4 210274505240A" && level==0 && jtag_device_ctx=="jsn-Nexys4-210274505240A-13631093-0"}
fpga -file C:/Users/Raquel/Desktop/Project_CR/projeto/palindrome_vitis_v3/palindrome_App/_ide/bitstream/mb_design_palindrome_v3.bit
targets -set -nocase -filter {name =~ "*microblaze*#0" && bscan=="USER2" }
loadhw -hw C:/Users/Raquel/Desktop/Project_CR/projeto/palindrome_vitis_v3/mb_design_palindrome_v3/export/mb_design_palindrome_v3/hw/mb_design_palindrome_v3.xsa -regs
configparams mdm-detect-bscan-mask 2
targets -set -nocase -filter {name =~ "*microblaze*#0" && bscan=="USER2" }
rst -system
after 3000
targets -set -nocase -filter {name =~ "*microblaze*#0" && bscan=="USER2" }
dow C:/Users/Raquel/Desktop/Project_CR/projeto/palindrome_vitis_v3/palindrome_App/Debug/palindrome_App.elf
----------------End of Script----------------

12:28:16 INFO  : Context for processor 'microblaze_0' is selected.
12:28:16 INFO  : 'con' command is executed.
12:28:16 INFO  : ----------------XSDB Script (After Launch)----------------
targets -set -nocase -filter {name =~ "*microblaze*#0" && bscan=="USER2" }
con
----------------End of Script----------------

12:28:16 INFO  : Launch script is exported to file 'C:\Users\Raquel\Desktop\Project_CR\projeto\palindrome_vitis_v3\palindrome_App_system\_ide\scripts\systemdebugger_palindrome_app_system_standalone.tcl'
12:30:15 INFO  : Checking for BSP changes to sync application flags for project 'palindrome_App'...
12:30:21 INFO  : Disconnected from the channel tcfchan#7.
12:30:21 INFO  : Connected to target on host '127.0.0.1' and port '3121'.
12:30:21 INFO  : Jtag cable 'Digilent Nexys4 210274505240A' is selected.
12:30:21 INFO  : 'jtag frequency' command is executed.
12:30:21 INFO  : 'targets -set -filter {jtag_cable_name =~ "Digilent Nexys4 210274505240A" && level==0 && jtag_device_ctx=="jsn-Nexys4-210274505240A-13631093-0"}' command is executed.
12:30:24 INFO  : Device configured successfully with "C:/Users/Raquel/Desktop/Project_CR/projeto/palindrome_vitis_v3/palindrome_App/_ide/bitstream/mb_design_palindrome_v3.bit"
12:30:24 INFO  : Context for processor 'microblaze_0' is selected.
12:30:24 INFO  : Hardware design and registers information is loaded from 'C:/Users/Raquel/Desktop/Project_CR/projeto/palindrome_vitis_v3/mb_design_palindrome_v3/export/mb_design_palindrome_v3/hw/mb_design_palindrome_v3.xsa'.
12:30:24 INFO  : 'configparams mdm-detect-bscan-mask 2' command is executed.
12:30:24 INFO  : Context for processor 'microblaze_0' is selected.
12:30:24 INFO  : System reset is completed.
12:30:27 INFO  : 'after 3000' command is executed.
12:30:27 INFO  : Context for processor 'microblaze_0' is selected.
12:30:27 INFO  : The application 'C:/Users/Raquel/Desktop/Project_CR/projeto/palindrome_vitis_v3/palindrome_App/Debug/palindrome_App.elf' is downloaded to processor 'microblaze_0'.
12:30:27 INFO  : ----------------XSDB Script----------------
connect -url tcp:127.0.0.1:3121
targets -set -filter {jtag_cable_name =~ "Digilent Nexys4 210274505240A" && level==0 && jtag_device_ctx=="jsn-Nexys4-210274505240A-13631093-0"}
fpga -file C:/Users/Raquel/Desktop/Project_CR/projeto/palindrome_vitis_v3/palindrome_App/_ide/bitstream/mb_design_palindrome_v3.bit
targets -set -nocase -filter {name =~ "*microblaze*#0" && bscan=="USER2" }
loadhw -hw C:/Users/Raquel/Desktop/Project_CR/projeto/palindrome_vitis_v3/mb_design_palindrome_v3/export/mb_design_palindrome_v3/hw/mb_design_palindrome_v3.xsa -regs
configparams mdm-detect-bscan-mask 2
targets -set -nocase -filter {name =~ "*microblaze*#0" && bscan=="USER2" }
rst -system
after 3000
targets -set -nocase -filter {name =~ "*microblaze*#0" && bscan=="USER2" }
dow C:/Users/Raquel/Desktop/Project_CR/projeto/palindrome_vitis_v3/palindrome_App/Debug/palindrome_App.elf
----------------End of Script----------------

12:30:27 INFO  : Context for processor 'microblaze_0' is selected.
12:30:27 INFO  : 'con' command is executed.
12:30:27 INFO  : ----------------XSDB Script (After Launch)----------------
targets -set -nocase -filter {name =~ "*microblaze*#0" && bscan=="USER2" }
con
----------------End of Script----------------

12:30:27 INFO  : Launch script is exported to file 'C:\Users\Raquel\Desktop\Project_CR\projeto\palindrome_vitis_v3\palindrome_App_system\_ide\scripts\systemdebugger_palindrome_app_system_standalone.tcl'
12:34:54 INFO  : Checking for BSP changes to sync application flags for project 'palindrome_App'...
14:31:46 INFO  : Checking for BSP changes to sync application flags for project 'palindrome_App'...
14:31:59 INFO  : Disconnected from the channel tcfchan#8.
14:31:59 INFO  : Connected to target on host '127.0.0.1' and port '3121'.
14:31:59 INFO  : Jtag cable 'Digilent Nexys4 210274505240A' is selected.
14:31:59 INFO  : 'jtag frequency' command is executed.
14:31:59 INFO  : 'targets -set -filter {jtag_cable_name =~ "Digilent Nexys4 210274505240A" && level==0 && jtag_device_ctx=="jsn-Nexys4-210274505240A-13631093-0"}' command is executed.
14:32:01 INFO  : Device configured successfully with "C:/Users/Raquel/Desktop/Project_CR/projeto/palindrome_vitis_v3/palindrome_App/_ide/bitstream/mb_design_palindrome_v3.bit"
14:32:01 INFO  : Context for processor 'microblaze_0' is selected.
14:32:01 INFO  : Hardware design and registers information is loaded from 'C:/Users/Raquel/Desktop/Project_CR/projeto/palindrome_vitis_v3/mb_design_palindrome_v3/export/mb_design_palindrome_v3/hw/mb_design_palindrome_v3.xsa'.
14:32:01 INFO  : 'configparams mdm-detect-bscan-mask 2' command is executed.
14:32:01 INFO  : Context for processor 'microblaze_0' is selected.
14:32:01 INFO  : System reset is completed.
14:32:04 INFO  : 'after 3000' command is executed.
14:32:04 INFO  : Context for processor 'microblaze_0' is selected.
14:32:05 INFO  : The application 'C:/Users/Raquel/Desktop/Project_CR/projeto/palindrome_vitis_v3/palindrome_App/Debug/palindrome_App.elf' is downloaded to processor 'microblaze_0'.
14:32:05 INFO  : ----------------XSDB Script----------------
connect -url tcp:127.0.0.1:3121
targets -set -filter {jtag_cable_name =~ "Digilent Nexys4 210274505240A" && level==0 && jtag_device_ctx=="jsn-Nexys4-210274505240A-13631093-0"}
fpga -file C:/Users/Raquel/Desktop/Project_CR/projeto/palindrome_vitis_v3/palindrome_App/_ide/bitstream/mb_design_palindrome_v3.bit
targets -set -nocase -filter {name =~ "*microblaze*#0" && bscan=="USER2" }
loadhw -hw C:/Users/Raquel/Desktop/Project_CR/projeto/palindrome_vitis_v3/mb_design_palindrome_v3/export/mb_design_palindrome_v3/hw/mb_design_palindrome_v3.xsa -regs
configparams mdm-detect-bscan-mask 2
targets -set -nocase -filter {name =~ "*microblaze*#0" && bscan=="USER2" }
rst -system
after 3000
targets -set -nocase -filter {name =~ "*microblaze*#0" && bscan=="USER2" }
dow C:/Users/Raquel/Desktop/Project_CR/projeto/palindrome_vitis_v3/palindrome_App/Debug/palindrome_App.elf
----------------End of Script----------------

14:32:05 INFO  : Context for processor 'microblaze_0' is selected.
14:32:05 INFO  : 'con' command is executed.
14:32:05 INFO  : ----------------XSDB Script (After Launch)----------------
targets -set -nocase -filter {name =~ "*microblaze*#0" && bscan=="USER2" }
con
----------------End of Script----------------

14:32:05 INFO  : Launch script is exported to file 'C:\Users\Raquel\Desktop\Project_CR\projeto\palindrome_vitis_v3\palindrome_App_system\_ide\scripts\systemdebugger_palindrome_app_system_standalone.tcl'
14:32:21 INFO  : Checking for BSP changes to sync application flags for project 'palindrome_App'...
14:32:24 INFO  : Disconnected from the channel tcfchan#9.
14:32:24 INFO  : Connected to target on host '127.0.0.1' and port '3121'.
14:32:24 INFO  : Jtag cable 'Digilent Nexys4 210274505240A' is selected.
14:32:24 INFO  : 'jtag frequency' command is executed.
14:32:24 INFO  : 'targets -set -filter {jtag_cable_name =~ "Digilent Nexys4 210274505240A" && level==0 && jtag_device_ctx=="jsn-Nexys4-210274505240A-13631093-0"}' command is executed.
14:32:27 INFO  : Device configured successfully with "C:/Users/Raquel/Desktop/Project_CR/projeto/palindrome_vitis_v3/palindrome_App/_ide/bitstream/mb_design_palindrome_v3.bit"
14:32:27 INFO  : Context for processor 'microblaze_0' is selected.
14:32:27 INFO  : Hardware design and registers information is loaded from 'C:/Users/Raquel/Desktop/Project_CR/projeto/palindrome_vitis_v3/mb_design_palindrome_v3/export/mb_design_palindrome_v3/hw/mb_design_palindrome_v3.xsa'.
14:32:27 INFO  : 'configparams mdm-detect-bscan-mask 2' command is executed.
14:32:27 INFO  : Context for processor 'microblaze_0' is selected.
14:32:27 INFO  : System reset is completed.
14:32:30 INFO  : 'after 3000' command is executed.
14:32:30 INFO  : Context for processor 'microblaze_0' is selected.
14:32:30 INFO  : The application 'C:/Users/Raquel/Desktop/Project_CR/projeto/palindrome_vitis_v3/palindrome_App/Debug/palindrome_App.elf' is downloaded to processor 'microblaze_0'.
14:32:30 INFO  : ----------------XSDB Script----------------
connect -url tcp:127.0.0.1:3121
targets -set -filter {jtag_cable_name =~ "Digilent Nexys4 210274505240A" && level==0 && jtag_device_ctx=="jsn-Nexys4-210274505240A-13631093-0"}
fpga -file C:/Users/Raquel/Desktop/Project_CR/projeto/palindrome_vitis_v3/palindrome_App/_ide/bitstream/mb_design_palindrome_v3.bit
targets -set -nocase -filter {name =~ "*microblaze*#0" && bscan=="USER2" }
loadhw -hw C:/Users/Raquel/Desktop/Project_CR/projeto/palindrome_vitis_v3/mb_design_palindrome_v3/export/mb_design_palindrome_v3/hw/mb_design_palindrome_v3.xsa -regs
configparams mdm-detect-bscan-mask 2
targets -set -nocase -filter {name =~ "*microblaze*#0" && bscan=="USER2" }
rst -system
after 3000
targets -set -nocase -filter {name =~ "*microblaze*#0" && bscan=="USER2" }
dow C:/Users/Raquel/Desktop/Project_CR/projeto/palindrome_vitis_v3/palindrome_App/Debug/palindrome_App.elf
----------------End of Script----------------

14:32:30 INFO  : Context for processor 'microblaze_0' is selected.
14:32:30 INFO  : 'con' command is executed.
14:32:30 INFO  : ----------------XSDB Script (After Launch)----------------
targets -set -nocase -filter {name =~ "*microblaze*#0" && bscan=="USER2" }
con
----------------End of Script----------------

14:32:30 INFO  : Launch script is exported to file 'C:\Users\Raquel\Desktop\Project_CR\projeto\palindrome_vitis_v3\palindrome_App_system\_ide\scripts\systemdebugger_palindrome_app_system_standalone.tcl'
14:33:01 INFO  : Checking for BSP changes to sync application flags for project 'palindrome_App'...
14:33:06 INFO  : Disconnected from the channel tcfchan#10.
14:33:06 INFO  : Connected to target on host '127.0.0.1' and port '3121'.
14:33:06 INFO  : Jtag cable 'Digilent Nexys4 210274505240A' is selected.
14:33:06 INFO  : 'jtag frequency' command is executed.
14:33:06 INFO  : 'targets -set -filter {jtag_cable_name =~ "Digilent Nexys4 210274505240A" && level==0 && jtag_device_ctx=="jsn-Nexys4-210274505240A-13631093-0"}' command is executed.
14:33:09 INFO  : Device configured successfully with "C:/Users/Raquel/Desktop/Project_CR/projeto/palindrome_vitis_v3/palindrome_App/_ide/bitstream/mb_design_palindrome_v3.bit"
14:33:09 INFO  : Context for processor 'microblaze_0' is selected.
14:33:09 INFO  : Hardware design and registers information is loaded from 'C:/Users/Raquel/Desktop/Project_CR/projeto/palindrome_vitis_v3/mb_design_palindrome_v3/export/mb_design_palindrome_v3/hw/mb_design_palindrome_v3.xsa'.
14:33:09 INFO  : 'configparams mdm-detect-bscan-mask 2' command is executed.
14:33:09 INFO  : Context for processor 'microblaze_0' is selected.
14:33:09 INFO  : System reset is completed.
14:33:12 INFO  : 'after 3000' command is executed.
14:33:12 INFO  : Context for processor 'microblaze_0' is selected.
14:33:12 INFO  : The application 'C:/Users/Raquel/Desktop/Project_CR/projeto/palindrome_vitis_v3/palindrome_App/Debug/palindrome_App.elf' is downloaded to processor 'microblaze_0'.
14:33:12 INFO  : ----------------XSDB Script----------------
connect -url tcp:127.0.0.1:3121
targets -set -filter {jtag_cable_name =~ "Digilent Nexys4 210274505240A" && level==0 && jtag_device_ctx=="jsn-Nexys4-210274505240A-13631093-0"}
fpga -file C:/Users/Raquel/Desktop/Project_CR/projeto/palindrome_vitis_v3/palindrome_App/_ide/bitstream/mb_design_palindrome_v3.bit
targets -set -nocase -filter {name =~ "*microblaze*#0" && bscan=="USER2" }
loadhw -hw C:/Users/Raquel/Desktop/Project_CR/projeto/palindrome_vitis_v3/mb_design_palindrome_v3/export/mb_design_palindrome_v3/hw/mb_design_palindrome_v3.xsa -regs
configparams mdm-detect-bscan-mask 2
targets -set -nocase -filter {name =~ "*microblaze*#0" && bscan=="USER2" }
rst -system
after 3000
targets -set -nocase -filter {name =~ "*microblaze*#0" && bscan=="USER2" }
dow C:/Users/Raquel/Desktop/Project_CR/projeto/palindrome_vitis_v3/palindrome_App/Debug/palindrome_App.elf
----------------End of Script----------------

14:33:12 INFO  : Context for processor 'microblaze_0' is selected.
14:33:12 INFO  : 'con' command is executed.
14:33:12 INFO  : ----------------XSDB Script (After Launch)----------------
targets -set -nocase -filter {name =~ "*microblaze*#0" && bscan=="USER2" }
con
----------------End of Script----------------

14:33:12 INFO  : Launch script is exported to file 'C:\Users\Raquel\Desktop\Project_CR\projeto\palindrome_vitis_v3\palindrome_App_system\_ide\scripts\systemdebugger_palindrome_app_system_standalone.tcl'
14:34:09 INFO  : Checking for BSP changes to sync application flags for project 'palindrome_App'...
14:34:14 INFO  : Disconnected from the channel tcfchan#11.
14:34:14 INFO  : Connected to target on host '127.0.0.1' and port '3121'.
14:34:14 INFO  : Jtag cable 'Digilent Nexys4 210274505240A' is selected.
14:34:14 INFO  : 'jtag frequency' command is executed.
14:34:14 INFO  : 'targets -set -filter {jtag_cable_name =~ "Digilent Nexys4 210274505240A" && level==0 && jtag_device_ctx=="jsn-Nexys4-210274505240A-13631093-0"}' command is executed.
14:34:17 INFO  : Device configured successfully with "C:/Users/Raquel/Desktop/Project_CR/projeto/palindrome_vitis_v3/palindrome_App/_ide/bitstream/mb_design_palindrome_v3.bit"
14:34:17 INFO  : Context for processor 'microblaze_0' is selected.
14:34:17 INFO  : Hardware design and registers information is loaded from 'C:/Users/Raquel/Desktop/Project_CR/projeto/palindrome_vitis_v3/mb_design_palindrome_v3/export/mb_design_palindrome_v3/hw/mb_design_palindrome_v3.xsa'.
14:34:17 INFO  : 'configparams mdm-detect-bscan-mask 2' command is executed.
14:34:17 INFO  : Context for processor 'microblaze_0' is selected.
14:34:17 INFO  : System reset is completed.
14:34:20 INFO  : 'after 3000' command is executed.
14:34:20 INFO  : Context for processor 'microblaze_0' is selected.
14:34:20 INFO  : The application 'C:/Users/Raquel/Desktop/Project_CR/projeto/palindrome_vitis_v3/palindrome_App/Debug/palindrome_App.elf' is downloaded to processor 'microblaze_0'.
14:34:20 INFO  : ----------------XSDB Script----------------
connect -url tcp:127.0.0.1:3121
targets -set -filter {jtag_cable_name =~ "Digilent Nexys4 210274505240A" && level==0 && jtag_device_ctx=="jsn-Nexys4-210274505240A-13631093-0"}
fpga -file C:/Users/Raquel/Desktop/Project_CR/projeto/palindrome_vitis_v3/palindrome_App/_ide/bitstream/mb_design_palindrome_v3.bit
targets -set -nocase -filter {name =~ "*microblaze*#0" && bscan=="USER2" }
loadhw -hw C:/Users/Raquel/Desktop/Project_CR/projeto/palindrome_vitis_v3/mb_design_palindrome_v3/export/mb_design_palindrome_v3/hw/mb_design_palindrome_v3.xsa -regs
configparams mdm-detect-bscan-mask 2
targets -set -nocase -filter {name =~ "*microblaze*#0" && bscan=="USER2" }
rst -system
after 3000
targets -set -nocase -filter {name =~ "*microblaze*#0" && bscan=="USER2" }
dow C:/Users/Raquel/Desktop/Project_CR/projeto/palindrome_vitis_v3/palindrome_App/Debug/palindrome_App.elf
----------------End of Script----------------

14:34:20 INFO  : Context for processor 'microblaze_0' is selected.
14:34:20 INFO  : 'con' command is executed.
14:34:20 INFO  : ----------------XSDB Script (After Launch)----------------
targets -set -nocase -filter {name =~ "*microblaze*#0" && bscan=="USER2" }
con
----------------End of Script----------------

14:34:20 INFO  : Launch script is exported to file 'C:\Users\Raquel\Desktop\Project_CR\projeto\palindrome_vitis_v3\palindrome_App_system\_ide\scripts\systemdebugger_palindrome_app_system_standalone.tcl'
14:45:47 INFO  : Checking for BSP changes to sync application flags for project 'palindrome_App'...
14:45:56 INFO  : Disconnected from the channel tcfchan#12.
14:45:56 INFO  : Connected to target on host '127.0.0.1' and port '3121'.
14:45:56 INFO  : Jtag cable 'Digilent Nexys4 210274505240A' is selected.
14:45:56 INFO  : 'jtag frequency' command is executed.
14:45:56 INFO  : 'targets -set -filter {jtag_cable_name =~ "Digilent Nexys4 210274505240A" && level==0 && jtag_device_ctx=="jsn-Nexys4-210274505240A-13631093-0"}' command is executed.
14:45:58 INFO  : Device configured successfully with "C:/Users/Raquel/Desktop/Project_CR/projeto/palindrome_vitis_v3/palindrome_App/_ide/bitstream/mb_design_palindrome_v3.bit"
14:45:59 INFO  : Context for processor 'microblaze_0' is selected.
14:45:59 INFO  : Hardware design and registers information is loaded from 'C:/Users/Raquel/Desktop/Project_CR/projeto/palindrome_vitis_v3/mb_design_palindrome_v3/export/mb_design_palindrome_v3/hw/mb_design_palindrome_v3.xsa'.
14:45:59 INFO  : 'configparams mdm-detect-bscan-mask 2' command is executed.
14:45:59 INFO  : Context for processor 'microblaze_0' is selected.
14:45:59 INFO  : System reset is completed.
14:46:02 INFO  : 'after 3000' command is executed.
14:46:02 INFO  : Context for processor 'microblaze_0' is selected.
14:46:02 INFO  : The application 'C:/Users/Raquel/Desktop/Project_CR/projeto/palindrome_vitis_v3/palindrome_App/Debug/palindrome_App.elf' is downloaded to processor 'microblaze_0'.
14:46:02 INFO  : ----------------XSDB Script----------------
connect -url tcp:127.0.0.1:3121
targets -set -filter {jtag_cable_name =~ "Digilent Nexys4 210274505240A" && level==0 && jtag_device_ctx=="jsn-Nexys4-210274505240A-13631093-0"}
fpga -file C:/Users/Raquel/Desktop/Project_CR/projeto/palindrome_vitis_v3/palindrome_App/_ide/bitstream/mb_design_palindrome_v3.bit
targets -set -nocase -filter {name =~ "*microblaze*#0" && bscan=="USER2" }
loadhw -hw C:/Users/Raquel/Desktop/Project_CR/projeto/palindrome_vitis_v3/mb_design_palindrome_v3/export/mb_design_palindrome_v3/hw/mb_design_palindrome_v3.xsa -regs
configparams mdm-detect-bscan-mask 2
targets -set -nocase -filter {name =~ "*microblaze*#0" && bscan=="USER2" }
rst -system
after 3000
targets -set -nocase -filter {name =~ "*microblaze*#0" && bscan=="USER2" }
dow C:/Users/Raquel/Desktop/Project_CR/projeto/palindrome_vitis_v3/palindrome_App/Debug/palindrome_App.elf
----------------End of Script----------------

14:46:02 INFO  : Context for processor 'microblaze_0' is selected.
14:46:02 INFO  : 'con' command is executed.
14:46:02 INFO  : ----------------XSDB Script (After Launch)----------------
targets -set -nocase -filter {name =~ "*microblaze*#0" && bscan=="USER2" }
con
----------------End of Script----------------

14:46:02 INFO  : Launch script is exported to file 'C:\Users\Raquel\Desktop\Project_CR\projeto\palindrome_vitis_v3\palindrome_App_system\_ide\scripts\systemdebugger_palindrome_app_system_standalone.tcl'
14:51:22 INFO  : Checking for BSP changes to sync application flags for project 'palindrome_App'...
14:51:27 INFO  : Disconnected from the channel tcfchan#13.
14:51:27 INFO  : Connected to target on host '127.0.0.1' and port '3121'.
14:51:27 INFO  : Jtag cable 'Digilent Nexys4 210274505240A' is selected.
14:51:27 INFO  : 'jtag frequency' command is executed.
14:51:27 INFO  : 'targets -set -filter {jtag_cable_name =~ "Digilent Nexys4 210274505240A" && level==0 && jtag_device_ctx=="jsn-Nexys4-210274505240A-13631093-0"}' command is executed.
14:51:29 INFO  : Device configured successfully with "C:/Users/Raquel/Desktop/Project_CR/projeto/palindrome_vitis_v3/palindrome_App/_ide/bitstream/mb_design_palindrome_v3.bit"
14:51:29 INFO  : Context for processor 'microblaze_0' is selected.
14:51:29 INFO  : Hardware design and registers information is loaded from 'C:/Users/Raquel/Desktop/Project_CR/projeto/palindrome_vitis_v3/mb_design_palindrome_v3/export/mb_design_palindrome_v3/hw/mb_design_palindrome_v3.xsa'.
14:51:29 INFO  : 'configparams mdm-detect-bscan-mask 2' command is executed.
14:51:29 INFO  : Context for processor 'microblaze_0' is selected.
14:51:29 INFO  : System reset is completed.
14:51:32 INFO  : 'after 3000' command is executed.
14:51:32 INFO  : Context for processor 'microblaze_0' is selected.
14:51:33 INFO  : The application 'C:/Users/Raquel/Desktop/Project_CR/projeto/palindrome_vitis_v3/palindrome_App/Debug/palindrome_App.elf' is downloaded to processor 'microblaze_0'.
14:51:33 INFO  : ----------------XSDB Script----------------
connect -url tcp:127.0.0.1:3121
targets -set -filter {jtag_cable_name =~ "Digilent Nexys4 210274505240A" && level==0 && jtag_device_ctx=="jsn-Nexys4-210274505240A-13631093-0"}
fpga -file C:/Users/Raquel/Desktop/Project_CR/projeto/palindrome_vitis_v3/palindrome_App/_ide/bitstream/mb_design_palindrome_v3.bit
targets -set -nocase -filter {name =~ "*microblaze*#0" && bscan=="USER2" }
loadhw -hw C:/Users/Raquel/Desktop/Project_CR/projeto/palindrome_vitis_v3/mb_design_palindrome_v3/export/mb_design_palindrome_v3/hw/mb_design_palindrome_v3.xsa -regs
configparams mdm-detect-bscan-mask 2
targets -set -nocase -filter {name =~ "*microblaze*#0" && bscan=="USER2" }
rst -system
after 3000
targets -set -nocase -filter {name =~ "*microblaze*#0" && bscan=="USER2" }
dow C:/Users/Raquel/Desktop/Project_CR/projeto/palindrome_vitis_v3/palindrome_App/Debug/palindrome_App.elf
----------------End of Script----------------

14:51:33 INFO  : Context for processor 'microblaze_0' is selected.
14:51:33 INFO  : 'con' command is executed.
14:51:33 INFO  : ----------------XSDB Script (After Launch)----------------
targets -set -nocase -filter {name =~ "*microblaze*#0" && bscan=="USER2" }
con
----------------End of Script----------------

14:51:33 INFO  : Launch script is exported to file 'C:\Users\Raquel\Desktop\Project_CR\projeto\palindrome_vitis_v3\palindrome_App_system\_ide\scripts\systemdebugger_palindrome_app_system_standalone.tcl'
15:05:32 INFO  : Example project xaxidma_example_simple_poll_1 has been created successfully.
17:19:53 INFO  : Disconnected from the channel tcfchan#14.
