#-----------------------------------------------------------
# Vivado v2020.2 (64-bit)
# SW Build 3064766 on Wed Nov 18 09:12:45 MST 2020
# IP Build 3064653 on Wed Nov 18 14:17:31 MST 2020
# Start of session at: Mon Jun 20 11:25:23 2022
# Process ID: 18536
# Current directory: C:/Users/Raquel/Desktop/Project_CR/projeto2/Palindrome
# Command line: vivado.exe -gui_launcher_event rodinguilauncherevent8840 C:\Users\Raquel\Desktop\Project_CR\projeto2\Palindrome\Palindrome.xpr
# Log file: C:/Users/Raquel/Desktop/Project_CR/projeto2/Palindrome/vivado.log
# Journal file: C:/Users/Raquel/Desktop/Project_CR/projeto2/Palindrome\vivado.jou
#-----------------------------------------------------------
start_gui
open_project C:/Users/Raquel/Desktop/Project_CR/projeto2/Palindrome/Palindrome.xpr
Scanning sources...
Finished scanning sources
INFO: [IP_Flow 19-234] Refreshing IP repositories
INFO: [IP_Flow 19-1700] Loaded user IP repository 'c:/Users/Raquel/Desktop/Project_CR/projeto2/ip_repo/CheckCountPalindrome_1.0'.
INFO: [IP_Flow 19-2313] Loaded Vivado IP repository 'C:/Xilinx/Vivado/2020.2/data/ip'.
open_project: Time (s): cpu = 00:00:25 ; elapsed = 00:00:10 . Memory (MB): peak = 1000.113 ; gain = 0.000
update_compile_order -fileset sources_1
open_bd_design {C:/Users/Raquel/Desktop/Project_CR/projeto2/Palindrome/Palindrome.srcs/sources_1/bd/mb_design/mb_design.bd}
Reading block design file <C:/Users/Raquel/Desktop/Project_CR/projeto2/Palindrome/Palindrome.srcs/sources_1/bd/mb_design/mb_design.bd>...
Adding component instance block -- xilinx.com:ip:microblaze:11.0 - microblaze_0
Adding component instance block -- xilinx.com:ip:lmb_v10:3.0 - dlmb_v10
Adding component instance block -- xilinx.com:ip:lmb_v10:3.0 - ilmb_v10
Adding component instance block -- xilinx.com:ip:lmb_bram_if_cntlr:4.0 - dlmb_bram_if_cntlr
Adding component instance block -- xilinx.com:ip:lmb_bram_if_cntlr:4.0 - ilmb_bram_if_cntlr
Adding component instance block -- xilinx.com:ip:blk_mem_gen:8.4 - lmb_bram
Adding component instance block -- xilinx.com:ip:axi_interconnect:2.1 - microblaze_0_axi_periph
Adding component instance block -- xilinx.com:ip:axi_crossbar:2.1 - xbar
Adding component instance block -- xilinx.com:ip:axi_intc:4.1 - microblaze_0_axi_intc
Adding component instance block -- xilinx.com:ip:xlconcat:2.1 - microblaze_0_xlconcat
Adding component instance block -- xilinx.com:ip:mdm:3.2 - mdm_1
Adding component instance block -- xilinx.com:ip:clk_wiz:6.0 - clk_wiz_1
Adding component instance block -- xilinx.com:ip:proc_sys_reset:5.0 - rst_clk_wiz_1_100M
Adding component instance block -- xilinx.com:ip:axi_gpio:2.0 - axi_gpio_switches
Adding component instance block -- xilinx.com:ip:axi_gpio:2.0 - axi_gpio_leds
Adding component instance block -- xilinx.com:ip:axi_gpio:2.0 - axi_gpio_buttons
Adding component instance block -- xilinx.com:ip:axi_gpio:2.0 - axi_gpio_displays
Adding component instance block -- xilinx.com:ip:axi_uartlite:2.0 - axi_uartlite_0
Adding component instance block -- xilinx.com:ip:axi_timer:2.0 - axi_timer_0
Adding component instance block -- xilinx.com:ip:fit_timer:2.0 - fit_timer_0
Adding component instance block -- xilinx.com:user:CheckCountPalindrome:1.0 - CheckCountPalindrome_0
Successfully read diagram <mb_design> from block design file <C:/Users/Raquel/Desktop/Project_CR/projeto2/Palindrome/Palindrome.srcs/sources_1/bd/mb_design/mb_design.bd>
open_bd_design: Time (s): cpu = 00:00:18 ; elapsed = 00:00:15 . Memory (MB): peak = 1000.113 ; gain = 0.000
exit
INFO: [Common 17-206] Exiting Vivado at Mon Jun 20 12:18:54 2022...
