#-----------------------------------------------------------
# Vivado v2020.2 (64-bit)
# SW Build 3064766 on Wed Nov 18 09:12:45 MST 2020
# IP Build 3064653 on Wed Nov 18 14:17:31 MST 2020
# Start of session at: Sun Jun 19 22:27:50 2022
# Process ID: 1020
# Current directory: C:/Users/Raquel/Desktop/Project_CR/projeto2/Palindrome
# Command line: vivado.exe -gui_launcher_event rodinguilauncherevent2984 C:\Users\Raquel\Desktop\Project_CR\projeto2\Palindrome\Palindrome.xpr
# Log file: C:/Users/Raquel/Desktop/Project_CR/projeto2/Palindrome/vivado.log
# Journal file: C:/Users/Raquel/Desktop/Project_CR/projeto2/Palindrome\vivado.jou
#-----------------------------------------------------------
start_gui
open_project C:/Users/Raquel/Desktop/Project_CR/projeto2/Palindrome/Palindrome.xpr
Scanning sources...
Finished scanning sources
INFO: [IP_Flow 19-234] Refreshing IP repositories
INFO: [IP_Flow 19-1700] Loaded user IP repository 'c:/Users/Raquel/Desktop/Project_CR/projeto2/ip_repo/CheckCountPalindrome_1.0'.
INFO: [IP_Flow 19-2313] Loaded Vivado IP repository 'C:/Xilinx/Vivado/2020.2/data/ip'.
open_project: Time (s): cpu = 00:00:27 ; elapsed = 00:00:10 . Memory (MB): peak = 1000.094 ; gain = 0.000
update_compile_order -fileset sources_1
open_bd_design {C:/Users/Raquel/Desktop/Project_CR/projeto2/Palindrome/Palindrome.srcs/sources_1/bd/mb_design/mb_design.bd}
Reading block design file <C:/Users/Raquel/Desktop/Project_CR/projeto2/Palindrome/Palindrome.srcs/sources_1/bd/mb_design/mb_design.bd>...
Adding component instance block -- xilinx.com:ip:microblaze:11.0 - microblaze_0
Adding component instance block -- xilinx.com:ip:lmb_v10:3.0 - dlmb_v10
Adding component instance block -- xilinx.com:ip:lmb_v10:3.0 - ilmb_v10
Adding component instance block -- xilinx.com:ip:lmb_bram_if_cntlr:4.0 - dlmb_bram_if_cntlr
Adding component instance block -- xilinx.com:ip:lmb_bram_if_cntlr:4.0 - ilmb_bram_if_cntlr
Adding component instance block -- xilinx.com:ip:blk_mem_gen:8.4 - lmb_bram
Adding component instance block -- xilinx.com:ip:axi_interconnect:2.1 - microblaze_0_axi_periph
Adding component instance block -- xilinx.com:ip:axi_crossbar:2.1 - xbar
Adding component instance block -- xilinx.com:ip:axi_intc:4.1 - microblaze_0_axi_intc
Adding component instance block -- xilinx.com:ip:xlconcat:2.1 - microblaze_0_xlconcat
Adding component instance block -- xilinx.com:ip:mdm:3.2 - mdm_1
Adding component instance block -- xilinx.com:ip:clk_wiz:6.0 - clk_wiz_1
Adding component instance block -- xilinx.com:ip:proc_sys_reset:5.0 - rst_clk_wiz_1_100M
Adding component instance block -- xilinx.com:ip:axi_gpio:2.0 - axi_gpio_switches
Adding component instance block -- xilinx.com:ip:axi_gpio:2.0 - axi_gpio_leds
Adding component instance block -- xilinx.com:ip:axi_gpio:2.0 - axi_gpio_buttons
Adding component instance block -- xilinx.com:ip:axi_gpio:2.0 - axi_gpio_displays
Adding component instance block -- xilinx.com:ip:axi_uartlite:2.0 - axi_uartlite_0
Adding component instance block -- xilinx.com:ip:axi_timer:2.0 - axi_timer_0
Adding component instance block -- xilinx.com:ip:fit_timer:2.0 - fit_timer_0
Adding component instance block -- xilinx.com:user:CheckCountPalindrome:1.0 - CheckCountPalindrome_0
Successfully read diagram <mb_design> from block design file <C:/Users/Raquel/Desktop/Project_CR/projeto2/Palindrome/Palindrome.srcs/sources_1/bd/mb_design/mb_design.bd>
open_bd_design: Time (s): cpu = 00:00:17 ; elapsed = 00:00:13 . Memory (MB): peak = 1000.094 ; gain = 0.000
ipx::edit_ip_in_project -upgrade true -name CheckCountPalindrome_v1_0_project -directory C:/Users/Raquel/Desktop/Project_CR/projeto2/Palindrome/Palindrome.tmp/CheckCountPalindrome_v1_0_project c:/Users/Raquel/Desktop/Project_CR/projeto2/ip_repo/CheckCountPalindrome_1.0/component.xml
INFO: [ProjectBase 1-489] The host OS only allows 260 characters in a normal path. The project is stored in a path with more than 80 characters. If you experience issues with IP, Block Designs, or files not being found, please consider moving the project to a location with a shorter path. Alternately consider using the OS subst command to map part of the path to a drive letter.
Current project path is 'c:/users/raquel/desktop/project_cr/projeto2/palindrome/palindrome.tmp/checkcountpalindrome_v1_0_project'
INFO: [IP_Flow 19-234] Refreshing IP repositories
INFO: [IP_Flow 19-1704] No user IP repositories specified
INFO: [IP_Flow 19-2313] Loaded Vivado IP repository 'C:/Xilinx/Vivado/2020.2/data/ip'.
create_project: Time (s): cpu = 00:00:14 ; elapsed = 00:00:06 . Memory (MB): peak = 1039.289 ; gain = 39.195
INFO: [IP_Flow 19-234] Refreshing IP repositories
INFO: [IP_Flow 19-1700] Loaded user IP repository 'c:/Users/Raquel/Desktop/Project_CR/projeto2/ip_repo/CheckCountPalindrome_1.0'.
INFO: [IP_Flow 19-795] Syncing license key meta-data
ipx::edit_ip_in_project: Time (s): cpu = 00:00:19 ; elapsed = 00:00:09 . Memory (MB): peak = 1039.289 ; gain = 39.195
update_compile_order -fileset sources_1
current_project Palindrome
current_project CheckCountPalindrome_v1_0_project
close_project
exit
INFO: [Common 17-206] Exiting Vivado at Sun Jun 19 23:13:37 2022...
