Copyright 1986-2020 Xilinx, Inc. All Rights Reserved.
------------------------------------------------------------------------------------
| Tool Version : Vivado v.2020.2 (win64) Build 3064766 Wed Nov 18 09:12:45 MST 2020
| Date         : Fri Jun 17 23:33:37 2022
| Host         : DESKTOP-PEVSSVR running 64-bit major release  (build 9200)
| Command      : upgrade_ip
| Device       : xc7a100tcsg324-1
------------------------------------------------------------------------------------

Upgrade Log for IP 'mb_design_CheckPalindrome_1_0'

1. Summary
----------

SUCCESS in the upgrade of mb_design_CheckPalindrome_1_0 (xilinx.com:user:CheckPalindrome:1.0) from (Rev. 7) to (Rev. 8)






Copyright 1986-2020 Xilinx, Inc. All Rights Reserved.
------------------------------------------------------------------------------------
| Tool Version : Vivado v.2020.2 (win64) Build 3064766 Wed Nov 18 09:12:45 MST 2020
| Date         : Thu Jun 16 16:25:51 2022
| Host         : DESKTOP-QQDL9LU running 64-bit major release  (build 9200)
| Command      : upgrade_ip
| Device       : xc7a100tcsg324-1
------------------------------------------------------------------------------------

Upgrade Log for IP 'mb_design_CheckPalindrome_1_0'

1. Summary
----------

SUCCESS in the upgrade of mb_design_CheckPalindrome_1_0 (xilinx.com:user:CheckPalindrome:1.0) from (Rev. 6) to (Rev. 7)






Copyright 1986-2020 Xilinx, Inc. All Rights Reserved.
------------------------------------------------------------------------------------
| Tool Version : Vivado v.2020.2 (win64) Build 3064766 Wed Nov 18 09:12:45 MST 2020
| Date         : Thu Jun 16 15:47:00 2022
| Host         : DESKTOP-PEVSSVR running 64-bit major release  (build 9200)
| Command      : upgrade_ip
| Device       : xc7a100tcsg324-1
------------------------------------------------------------------------------------

Upgrade Log for IP 'mb_design_CheckPalindrome_1_0'

1. Summary
----------

SUCCESS in the upgrade of mb_design_CheckPalindrome_1_0 (xilinx.com:user:CheckPalindrome:1.0) from (Rev. 5) to (Rev. 6)






Copyright 1986-2020 Xilinx, Inc. All Rights Reserved.
------------------------------------------------------------------------------------
| Tool Version : Vivado v.2020.2 (win64) Build 3064766 Wed Nov 18 09:12:45 MST 2020
| Date         : Thu Jun 16 15:42:19 2022
| Host         : DESKTOP-PEVSSVR running 64-bit major release  (build 9200)
| Command      : upgrade_ip
| Device       : xc7a100tcsg324-1
------------------------------------------------------------------------------------

Upgrade Log for IP 'mb_design_CheckPalindrome_1_0'

1. Summary
----------

SUCCESS in the upgrade of mb_design_CheckPalindrome_1_0 (xilinx.com:user:CheckPalindrome:1.0) from (Rev. 4) to (Rev. 5)






Copyright 1986-2020 Xilinx, Inc. All Rights Reserved.
------------------------------------------------------------------------------------
| Tool Version : Vivado v.2020.2 (win64) Build 3064766 Wed Nov 18 09:12:45 MST 2020
| Date         : Thu Jun 16 15:34:24 2022
| Host         : DESKTOP-PEVSSVR running 64-bit major release  (build 9200)
| Command      : upgrade_ip
| Device       : xc7a100tcsg324-1
------------------------------------------------------------------------------------

Upgrade Log for IP 'mb_design_CheckPalindrome_1_0'

1. Summary
----------

SUCCESS in the upgrade of mb_design_CheckPalindrome_1_0 (xilinx.com:user:CheckPalindrome:1.0) from (Rev. 3) to (Rev. 4)






Copyright 1986-2020 Xilinx, Inc. All Rights Reserved.
------------------------------------------------------------------------------------
| Tool Version : Vivado v.2020.2 (win64) Build 3064766 Wed Nov 18 09:12:45 MST 2020
| Date         : Thu Jun 16 15:24:07 2022
| Host         : DESKTOP-PEVSSVR running 64-bit major release  (build 9200)
| Command      : upgrade_ip
| Device       : xc7a100tcsg324-1
------------------------------------------------------------------------------------

Upgrade Log for IP 'mb_design_CheckPalindrome_1_0'

1. Summary
----------

SUCCESS in the upgrade of mb_design_CheckPalindrome_1_0 (xilinx.com:user:CheckPalindrome:1.0) from (Rev. 2) to (Rev. 3)






Copyright 1986-2020 Xilinx, Inc. All Rights Reserved.
------------------------------------------------------------------------------------
| Tool Version : Vivado v.2020.2 (win64) Build 3064766 Wed Nov 18 09:12:45 MST 2020
| Date         : Thu Jun 16 15:19:43 2022
| Host         : DESKTOP-PEVSSVR running 64-bit major release  (build 9200)
| Command      : upgrade_ip
| Device       : xc7a100tcsg324-1
------------------------------------------------------------------------------------

Upgrade Log for IP 'mb_design_CheckPalindrome_1_0'

1. Summary
----------

SUCCESS in the conversion of mb_design_CheckPalindrome_1_0 (xilinx.com:user:CheckPalindrome:1.0 (Rev. 2)) to Vivado generation flows.






Copyright 1986-2020 Xilinx, Inc. All Rights Reserved.
------------------------------------------------------------------------------------
| Tool Version : Vivado v.2020.2 (win64) Build 3064766 Wed Nov 18 09:12:45 MST 2020
| Date         : Thu Jun 16 15:10:34 2022
| Host         : DESKTOP-PEVSSVR running 64-bit major release  (build 9200)
| Command      : upgrade_ip
| Device       : xc7a100tcsg324-1
------------------------------------------------------------------------------------

Upgrade Log for IP 'mb_design_CheckPalindrome_1_0'

1. Summary
----------

CAUTION (success, with warnings) in the upgrade of mb_design_CheckPalindrome_1_0 (xilinx.com:user:CheckPalindrome:1.0) from (Rev. 1) to (Rev. 2)

After upgrade, an IP may have parameter and port differences compared to the original customization. Please review the parameters within the IP customization GUI to ensure proper functionality. Also, please review the updated IP instantiation template to ensure proper connectivity, and update your design if required.

2. Connection Warnings
----------------------

Detected external port differences while upgrading 'mb_design_CheckPalindrome_1_0'. These changes may impact your design.


-Upgraded port order differs after port 's00_axis_aclk'


