#-----------------------------------------------------------
# updatemem v2020.2 (64-bit)
# SW Build 3064766 on Wed Nov 18 09:12:45 MST 2020
# 
# Start of session at: Thu Jun 16 22:19:41 2022
# Process ID: 6268
# Current directory: C:/Users/User/Dropbox/Project_CR/projeto/palindrome
# Command line: updatemem.exe -mode batch -source C:/Xilinx/Vitis/2020.2/scripts/updatemem/main.tcl -notrace -tclargs -meminfo C:/Users/User/Dropbox/Project_CR/projeto/palindrome_vitis/palindromeApp/_ide/bitstream/mb_design_palindrome.mmi -data C:/Xilinx/Vitis/2020.2/data/embeddedsw/lib/microblaze/mb_bootloop_le.elf -proc mb_design_i/microblaze_0 -bit C:/Users/User/Dropbox/Project_CR/projeto/palindrome_vitis/palindromeApp/_ide/bitstream/mb_design_palindrome.bit -out C:/Users/User/Dropbox/Project_CR/projeto/palindrome_vitis/palindromeApp/_ide/bitstream/download.bit -force
# Log file: C:/Users/User/Dropbox/Project_CR/projeto/palindrome/updatemem.log
# Journal file: C:/Users/User/Dropbox/Project_CR/projeto/palindrome\updatemem.jou
#-----------------------------------------------------------
source C:/Xilinx/Vitis/2020.2/scripts/updatemem/main.tcl -notrace
Command: update_mem -meminfo C:/Users/User/Dropbox/Project_CR/projeto/palindrome_vitis/palindromeApp/_ide/bitstream/mb_design_palindrome.mmi -data C:/Xilinx/Vitis/2020.2/data/embeddedsw/lib/microblaze/mb_bootloop_le.elf -proc mb_design_i/microblaze_0 -bit C:/Users/User/Dropbox/Project_CR/projeto/palindrome_vitis/palindromeApp/_ide/bitstream/mb_design_palindrome.bit -out C:/Users/User/Dropbox/Project_CR/projeto/palindrome_vitis/palindromeApp/_ide/bitstream/download.bit -force
Loading bitfile C:/Users/User/Dropbox/Project_CR/projeto/palindrome_vitis/palindromeApp/_ide/bitstream/mb_design_palindrome.bit
Loading data files...
Updating memory content...
Creating bitstream...
Writing bitstream C:/Users/User/Dropbox/Project_CR/projeto/palindrome_vitis/palindromeApp/_ide/bitstream/download.bit...
0 Infos, 0 Warnings, 0 Critical Warnings and 0 Errors encountered.
update_mem completed successfully
update_mem: Time (s): cpu = 00:00:14 ; elapsed = 00:00:14 . Memory (MB): peak = 1072.875 ; gain = 620.250
INFO: [Common 17-206] Exiting updatemem at Thu Jun 16 22:19:55 2022...
