#-----------------------------------------------------------
# Vivado v2020.2 (64-bit)
# SW Build 3064766 on Wed Nov 18 09:12:45 MST 2020
# IP Build 3064653 on Wed Nov 18 14:17:31 MST 2020
# Start of session at: Thu Jun 16 20:17:51 2022
# Process ID: 12416
# Current directory: C:/Users/User/Dropbox/Project_CR/projeto/palindrome
# Command line: vivado.exe -gui_launcher_event rodinguilauncherevent7248 C:\Users\User\Dropbox\Project_CR\projeto\palindrome\palindrome.xpr
# Log file: C:/Users/User/Dropbox/Project_CR/projeto/palindrome/vivado.log
# Journal file: C:/Users/User/Dropbox/Project_CR/projeto/palindrome\vivado.jou
#-----------------------------------------------------------
start_gui
open_project C:/Users/User/Dropbox/Project_CR/projeto/palindrome/palindrome.xpr
Scanning sources...
Finished scanning sources
INFO: [IP_Flow 19-234] Refreshing IP repositories
INFO: [IP_Flow 19-1700] Loaded user IP repository 'c:/Users/User/Dropbox/Project_CR/projeto/ip_repo/CheckPalindrome_1.0'.
INFO: [IP_Flow 19-1700] Loaded user IP repository 'c:/Users/User/Dropbox/Project_CR/projeto/ip_repo/CounterPalindrome_1.0'.
WARNING: [IP_Flow 19-2207] Repository 'c:/Users/User/Dropbox/Project_CR/projeto/ip_repo/CheckPalindrome_1.0' already exists; ignoring attempt to add it again.
INFO: [IP_Flow 19-1700] Loaded user IP repository 'c:/Users/User/Dropbox/Project_CR/projeto/ip_repo/CheckPalindrome_1.0'.
INFO: [IP_Flow 19-1700] Loaded user IP repository 'c:/Users/User/Dropbox/Project_CR/projeto/ip_repo/CheckCountPalindrome_1.0'.
INFO: [IP_Flow 19-2313] Loaded Vivado IP repository 'C:/Xilinx/Vivado/2020.2/data/ip'.
open_project: Time (s): cpu = 00:00:25 ; elapsed = 00:00:14 . Memory (MB): peak = 1000.766 ; gain = 0.000
update_compile_order -fileset sources_1
write_hw_platform -fixed -include_bit -force -file C:/Users/User/Dropbox/Project_CR/projeto/palindrome/mb_design_palindrome.xsa
INFO: [Vivado 12-4895] Creating Hardware Platform: C:/Users/User/Dropbox/Project_CR/projeto/palindrome/mb_design_palindrome.xsa ...
INFO: [Hsi 55-2053] elapsed time for repository (C:/Xilinx/Vivado/2020.2/data\embeddedsw) loading 1 seconds
WARNING: [Project 1-645] Board images not set in Hardware Platform.
INFO: [Vivado 12-12467] The Hardware Platform can be used for Hardware
INFO: [Vivado 12-4896] Successfully created Hardware Platform: C:/Users/User/Dropbox/Project_CR/projeto/palindrome/mb_design_palindrome.xsa
INFO: [Vivado 12-8231] Launching Vitis
INFO: [Vivado 12-417] Running vitis
INFO: [Vivado 12-8232] Vitis launch initiated. Please check console for any further messages.
exit
INFO: [Common 17-206] Exiting Vivado at Thu Jun 16 23:20:51 2022...
