23:45:56 INFO  : Launching XSCT server: xsct.bat -n  -interactive C:\Users\Raquel\Desktop\Project_CR\projeto\palindrome_vitis_v2\temp_xsdb_launch_script.tcl
23:45:58 INFO  : Registering command handlers for Vitis TCF services
23:46:02 INFO  : XSCT server has started successfully.
23:46:02 INFO  : Platform repository initialization has completed.
23:46:03 INFO  : plnx-install-location is set to ''
23:46:03 INFO  : Successfully done setting XSCT server connection channel  
23:46:03 INFO  : Successfully done query RDI_DATADIR 
23:46:03 INFO  : Successfully done setting workspace for the tool. 
23:46:53 INFO  : Result from executing command 'getProjects': mb_design_palindrome_v2
23:46:53 INFO  : Result from executing command 'getPlatforms': 
23:46:53 WARN  : An unexpected exception occurred in the module 'platform project logging'
23:46:53 INFO  : Platform 'mb_design_palindrome_v2' is added to custom repositories.
23:46:56 INFO  : Platform 'mb_design_palindrome_v2' is added to custom repositories.
23:48:51 INFO  : Result from executing command 'getProjects': mb_design_palindrome_v2
23:48:51 INFO  : Result from executing command 'getPlatforms': mb_design_palindrome_v2|C:/Users/Raquel/Desktop/Project_CR/projeto/palindrome_vitis_v2/mb_design_palindrome_v2/export/mb_design_palindrome_v2/mb_design_palindrome_v2.xpfm
23:49:07 INFO  : Checking for BSP changes to sync application flags for project 'palindrome_App'...
23:50:00 INFO  : Connected to target on host '127.0.0.1' and port '3121'.
23:50:01 INFO  : Jtag cable 'Digilent Nexys4 210274505240A' is selected.
23:50:01 INFO  : 'jtag frequency' command is executed.
23:50:01 INFO  : 'targets -set -filter {jtag_cable_name =~ "Digilent Nexys4 210274505240A" && level==0 && jtag_device_ctx=="jsn-Nexys4-210274505240A-13631093-0"}' command is executed.
23:50:03 INFO  : Device configured successfully with "C:/Users/Raquel/Desktop/Project_CR/projeto/palindrome_vitis_v2/palindrome_App/_ide/bitstream/mb_design_palindrome_v2.bit"
23:50:03 INFO  : Context for processor 'microblaze_0' is selected.
23:50:03 INFO  : Hardware design and registers information is loaded from 'C:/Users/Raquel/Desktop/Project_CR/projeto/palindrome_vitis_v2/mb_design_palindrome_v2/export/mb_design_palindrome_v2/hw/mb_design_palindrome_v2.xsa'.
23:50:03 INFO  : 'configparams mdm-detect-bscan-mask 2' command is executed.
23:50:03 INFO  : Context for processor 'microblaze_0' is selected.
23:50:03 INFO  : System reset is completed.
23:50:06 INFO  : 'after 3000' command is executed.
23:50:06 INFO  : Context for processor 'microblaze_0' is selected.
23:50:06 INFO  : The application 'C:/Users/Raquel/Desktop/Project_CR/projeto/palindrome_vitis_v2/palindrome_App/Debug/palindrome_App.elf' is downloaded to processor 'microblaze_0'.
23:50:06 INFO  : ----------------XSDB Script----------------
connect -url tcp:127.0.0.1:3121
targets -set -filter {jtag_cable_name =~ "Digilent Nexys4 210274505240A" && level==0 && jtag_device_ctx=="jsn-Nexys4-210274505240A-13631093-0"}
fpga -file C:/Users/Raquel/Desktop/Project_CR/projeto/palindrome_vitis_v2/palindrome_App/_ide/bitstream/mb_design_palindrome_v2.bit
targets -set -nocase -filter {name =~ "*microblaze*#0" && bscan=="USER2" }
loadhw -hw C:/Users/Raquel/Desktop/Project_CR/projeto/palindrome_vitis_v2/mb_design_palindrome_v2/export/mb_design_palindrome_v2/hw/mb_design_palindrome_v2.xsa -regs
configparams mdm-detect-bscan-mask 2
targets -set -nocase -filter {name =~ "*microblaze*#0" && bscan=="USER2" }
rst -system
after 3000
targets -set -nocase -filter {name =~ "*microblaze*#0" && bscan=="USER2" }
dow C:/Users/Raquel/Desktop/Project_CR/projeto/palindrome_vitis_v2/palindrome_App/Debug/palindrome_App.elf
----------------End of Script----------------

23:50:07 INFO  : Context for processor 'microblaze_0' is selected.
23:50:07 INFO  : 'con' command is executed.
23:50:07 INFO  : ----------------XSDB Script (After Launch)----------------
targets -set -nocase -filter {name =~ "*microblaze*#0" && bscan=="USER2" }
con
----------------End of Script----------------

23:50:07 INFO  : Launch script is exported to file 'C:\Users\Raquel\Desktop\Project_CR\projeto\palindrome_vitis_v2\palindrome_App_system\_ide\scripts\systemdebugger_palindrome_app_system_standalone.tcl'
23:54:18 INFO  : Disconnected from the channel tcfchan#2.
