TRACE::2022-06-17.23:46:46::SCWPlatform::Trying to open the hw design at C:/Users/Raquel/Desktop/Project_CR/projeto/palindrome_vitis_v2/mb_design_palindrome_v2/hw/mb_design_palindrome_v2.xsa
TRACE::2022-06-17.23:46:46::SCWPlatform::DSA given C:/Users/Raquel/Desktop/Project_CR/projeto/palindrome_vitis_v2/mb_design_palindrome_v2/hw/mb_design_palindrome_v2.xsa
TRACE::2022-06-17.23:46:46::SCWPlatform::DSA absoulate path C:/Users/Raquel/Desktop/Project_CR/projeto/palindrome_vitis_v2/mb_design_palindrome_v2/hw/mb_design_palindrome_v2.xsa
TRACE::2022-06-17.23:46:50::SCWPlatform::DSA directory C:/Users/Raquel/Desktop/Project_CR/projeto/palindrome_vitis_v2/mb_design_palindrome_v2/hw
TRACE::2022-06-17.23:46:50::SCWPlatform:: Platform Path C:/Users/Raquel/Desktop/Project_CR/projeto/palindrome_vitis_v2/mb_design_palindrome_v2/hw/mb_design_palindrome_v2.xsa
TRACE::2022-06-17.23:46:50::SCWPlatform:: Unique name xilinx:nexys4::0.0
TRACE::2022-06-17.23:46:50::SCWPlatform::Do not have an existing db opened. 
TRACE::2022-06-17.23:46:50::SCWPlatform::Opened new HwDB with name mb_design_wrapper_0
TRACE::2022-06-17.23:46:50::SCWWriter::formatted JSON is {
	"platformName":	"mb_design_palindrome_v2",
	"sprVersion":	"2.0",
	"mode":	"gui",
	"dsaType":	"Fixed",
	"platformDesc":	"mb_design_palindrome_v2",
	"platHandOff":	"C:/Users/Raquel/Desktop/Project_CR/projeto/palindrome/mb_design_palindrome_v2.xsa",
	"platIntHandOff":	"<platformDir>/hw/mb_design_palindrome_v2.xsa",
	"deviceType":	"FPGA",
	"platIsPrebuiltAutogen":	"false",
	"platIsNoBootBsp":	"false",
	"hasFsblMakeHasChanges":	"false",
	"hasPmufwMakeHasChanges":	"false",
	"platPreBuiltFlag":	false,
	"platformSamplesDir":	""
}
TRACE::2022-06-17.23:46:50::SCWWriter::formatted JSON is {
	"platformName":	"mb_design_palindrome_v2",
	"sprVersion":	"2.0",
	"mode":	"gui",
	"dsaType":	"Fixed",
	"platformDesc":	"mb_design_palindrome_v2",
	"platHandOff":	"C:/Users/Raquel/Desktop/Project_CR/projeto/palindrome/mb_design_palindrome_v2.xsa",
	"platIntHandOff":	"<platformDir>/hw/mb_design_palindrome_v2.xsa",
	"deviceType":	"FPGA",
	"platIsPrebuiltAutogen":	"false",
	"platIsNoBootBsp":	"false",
	"hasFsblMakeHasChanges":	"false",
	"hasPmufwMakeHasChanges":	"false",
	"platPreBuiltFlag":	false,
	"platformSamplesDir":	"",
	"platActiveSys":	"mb_design_palindrome_v2",
	"systems":	[{
			"systemName":	"mb_design_palindrome_v2",
			"systemDesc":	"mb_design_palindrome_v2",
			"sysIsBootAutoGen":	"true",
			"systemDispName":	"mb_design_palindrome_v2"
		}]
}
TRACE::2022-06-17.23:46:50::SCWPlatform::Boot application domains not present, creating them
TRACE::2022-06-17.23:46:50::SCWPlatform::Pure FPGA device, no boot application will be created.
TRACE::2022-06-17.23:46:50::SCWWriter::formatted JSON is {
	"platformName":	"mb_design_palindrome_v2",
	"sprVersion":	"2.0",
	"mode":	"gui",
	"dsaType":	"Fixed",
	"platformDesc":	"mb_design_palindrome_v2",
	"platHandOff":	"C:/Users/Raquel/Desktop/Project_CR/projeto/palindrome/mb_design_palindrome_v2.xsa",
	"platIntHandOff":	"<platformDir>/hw/mb_design_palindrome_v2.xsa",
	"deviceType":	"FPGA",
	"platIsPrebuiltAutogen":	"false",
	"platIsNoBootBsp":	"false",
	"hasFsblMakeHasChanges":	"false",
	"hasPmufwMakeHasChanges":	"false",
	"platPreBuiltFlag":	false,
	"platformSamplesDir":	"",
	"platActiveSys":	"mb_design_palindrome_v2",
	"systems":	[{
			"systemName":	"mb_design_palindrome_v2",
			"systemDesc":	"mb_design_palindrome_v2",
			"sysIsBootAutoGen":	"true",
			"systemDispName":	"mb_design_palindrome_v2"
		}]
}
TRACE::2022-06-17.23:46:50::SCWWriter::formatted JSON is {
	"platformName":	"mb_design_palindrome_v2",
	"sprVersion":	"2.0",
	"mode":	"gui",
	"dsaType":	"Fixed",
	"platformDesc":	"mb_design_palindrome_v2",
	"platHandOff":	"C:/Users/Raquel/Desktop/Project_CR/projeto/palindrome/mb_design_palindrome_v2.xsa",
	"platIntHandOff":	"<platformDir>/hw/mb_design_palindrome_v2.xsa",
	"deviceType":	"FPGA",
	"platIsPrebuiltAutogen":	"false",
	"platIsNoBootBsp":	"false",
	"hasFsblMakeHasChanges":	"false",
	"hasPmufwMakeHasChanges":	"false",
	"platPreBuiltFlag":	false,
	"platformSamplesDir":	"",
	"platActiveSys":	"mb_design_palindrome_v2",
	"systems":	[{
			"systemName":	"mb_design_palindrome_v2",
			"systemDesc":	"mb_design_palindrome_v2",
			"sysIsBootAutoGen":	"true",
			"systemDispName":	"mb_design_palindrome_v2"
		}]
}
TRACE::2022-06-17.23:46:50::SCWPlatform::Trying to open the hw design at C:/Users/Raquel/Desktop/Project_CR/projeto/palindrome_vitis_v2/mb_design_palindrome_v2/hw/mb_design_palindrome_v2.xsa
TRACE::2022-06-17.23:46:50::SCWPlatform::DSA given C:/Users/Raquel/Desktop/Project_CR/projeto/palindrome_vitis_v2/mb_design_palindrome_v2/hw/mb_design_palindrome_v2.xsa
TRACE::2022-06-17.23:46:50::SCWPlatform::DSA absoulate path C:/Users/Raquel/Desktop/Project_CR/projeto/palindrome_vitis_v2/mb_design_palindrome_v2/hw/mb_design_palindrome_v2.xsa
TRACE::2022-06-17.23:46:50::SCWPlatform::DSA directory C:/Users/Raquel/Desktop/Project_CR/projeto/palindrome_vitis_v2/mb_design_palindrome_v2/hw
TRACE::2022-06-17.23:46:50::SCWPlatform:: Platform Path C:/Users/Raquel/Desktop/Project_CR/projeto/palindrome_vitis_v2/mb_design_palindrome_v2/hw/mb_design_palindrome_v2.xsa
TRACE::2022-06-17.23:46:50::SCWPlatform:: Unique name xilinx:nexys4::0.0
TRACE::2022-06-17.23:46:50::SCWPlatform::Trying to set the existing hwdb with name mb_design_wrapper_0
TRACE::2022-06-17.23:46:50::SCWPlatform::Opened existing hwdb mb_design_wrapper_0
TRACE::2022-06-17.23:46:50::SCWPlatform::Found the Hw Db part of the input DSA
TRACE::2022-06-17.23:46:50::SCWDomain::checking for install qemu data   : 
TRACE::2022-06-17.23:46:50::SCWPlatform::Trying to open the hw design at C:/Users/Raquel/Desktop/Project_CR/projeto/palindrome_vitis_v2/mb_design_palindrome_v2/hw/mb_design_palindrome_v2.xsa
TRACE::2022-06-17.23:46:50::SCWPlatform::DSA given C:/Users/Raquel/Desktop/Project_CR/projeto/palindrome_vitis_v2/mb_design_palindrome_v2/hw/mb_design_palindrome_v2.xsa
TRACE::2022-06-17.23:46:50::SCWPlatform::DSA absoulate path C:/Users/Raquel/Desktop/Project_CR/projeto/palindrome_vitis_v2/mb_design_palindrome_v2/hw/mb_design_palindrome_v2.xsa
TRACE::2022-06-17.23:46:50::SCWPlatform::DSA directory C:/Users/Raquel/Desktop/Project_CR/projeto/palindrome_vitis_v2/mb_design_palindrome_v2/hw
TRACE::2022-06-17.23:46:50::SCWPlatform:: Platform Path C:/Users/Raquel/Desktop/Project_CR/projeto/palindrome_vitis_v2/mb_design_palindrome_v2/hw/mb_design_palindrome_v2.xsa
TRACE::2022-06-17.23:46:50::SCWPlatform:: Unique name xilinx:nexys4::0.0
TRACE::2022-06-17.23:46:50::SCWPlatform::Trying to set the existing hwdb with name mb_design_wrapper_0
TRACE::2022-06-17.23:46:50::SCWPlatform::Opened existing hwdb mb_design_wrapper_0
TRACE::2022-06-17.23:46:50::SCWPlatform::Found the Hw Db part of the input DSA
TRACE::2022-06-17.23:46:50::SCWPlatform::Trying to open the hw design at C:/Users/Raquel/Desktop/Project_CR/projeto/palindrome_vitis_v2/mb_design_palindrome_v2/hw/mb_design_palindrome_v2.xsa
TRACE::2022-06-17.23:46:50::SCWPlatform::DSA given C:/Users/Raquel/Desktop/Project_CR/projeto/palindrome_vitis_v2/mb_design_palindrome_v2/hw/mb_design_palindrome_v2.xsa
TRACE::2022-06-17.23:46:50::SCWPlatform::DSA absoulate path C:/Users/Raquel/Desktop/Project_CR/projeto/palindrome_vitis_v2/mb_design_palindrome_v2/hw/mb_design_palindrome_v2.xsa
TRACE::2022-06-17.23:46:50::SCWPlatform::DSA directory C:/Users/Raquel/Desktop/Project_CR/projeto/palindrome_vitis_v2/mb_design_palindrome_v2/hw
TRACE::2022-06-17.23:46:50::SCWPlatform:: Platform Path C:/Users/Raquel/Desktop/Project_CR/projeto/palindrome_vitis_v2/mb_design_palindrome_v2/hw/mb_design_palindrome_v2.xsa
TRACE::2022-06-17.23:46:50::SCWPlatform:: Unique name xilinx:nexys4::0.0
TRACE::2022-06-17.23:46:50::SCWPlatform::Trying to set the existing hwdb with name mb_design_wrapper_0
TRACE::2022-06-17.23:46:50::SCWPlatform::Opened existing hwdb mb_design_wrapper_0
TRACE::2022-06-17.23:46:50::SCWPlatform::Found the Hw Db part of the input DSA
TRACE::2022-06-17.23:46:50::SCWPlatform::Trying to open the hw design at C:/Users/Raquel/Desktop/Project_CR/projeto/palindrome_vitis_v2/mb_design_palindrome_v2/hw/mb_design_palindrome_v2.xsa
TRACE::2022-06-17.23:46:50::SCWPlatform::DSA given C:/Users/Raquel/Desktop/Project_CR/projeto/palindrome_vitis_v2/mb_design_palindrome_v2/hw/mb_design_palindrome_v2.xsa
TRACE::2022-06-17.23:46:50::SCWPlatform::DSA absoulate path C:/Users/Raquel/Desktop/Project_CR/projeto/palindrome_vitis_v2/mb_design_palindrome_v2/hw/mb_design_palindrome_v2.xsa
TRACE::2022-06-17.23:46:50::SCWPlatform::DSA directory C:/Users/Raquel/Desktop/Project_CR/projeto/palindrome_vitis_v2/mb_design_palindrome_v2/hw
TRACE::2022-06-17.23:46:50::SCWPlatform:: Platform Path C:/Users/Raquel/Desktop/Project_CR/projeto/palindrome_vitis_v2/mb_design_palindrome_v2/hw/mb_design_palindrome_v2.xsa
TRACE::2022-06-17.23:46:50::SCWPlatform:: Unique name xilinx:nexys4::0.0
TRACE::2022-06-17.23:46:50::SCWPlatform::Trying to set the existing hwdb with name mb_design_wrapper_0
TRACE::2022-06-17.23:46:50::SCWPlatform::Opened existing hwdb mb_design_wrapper_0
TRACE::2022-06-17.23:46:50::SCWPlatform::Found the Hw Db part of the input DSA
TRACE::2022-06-17.23:46:50::SCWMssOS::Checking the sw design at  C:/Users/Raquel/Desktop/Project_CR/projeto/palindrome_vitis_v2/mb_design_palindrome_v2/microblaze_0/standalone_microblaze_0/bsp/system.mss
TRACE::2022-06-17.23:46:50::SCWMssOS::DEBUG:  swdes dump  
TRACE::2022-06-17.23:46:50::SCWMssOS::No sw design opened at  C:/Users/Raquel/Desktop/Project_CR/projeto/palindrome_vitis_v2/mb_design_palindrome_v2/microblaze_0/standalone_microblaze_0/bsp/system.mss
TRACE::2022-06-17.23:46:50::SCWMssOS::mss does not exists at C:/Users/Raquel/Desktop/Project_CR/projeto/palindrome_vitis_v2/mb_design_palindrome_v2/microblaze_0/standalone_microblaze_0/bsp/system.mss
TRACE::2022-06-17.23:46:50::SCWMssOS::Creating sw design at  C:/Users/Raquel/Desktop/Project_CR/projeto/palindrome_vitis_v2/mb_design_palindrome_v2/microblaze_0/standalone_microblaze_0/bsp/system.mss
TRACE::2022-06-17.23:46:50::SCWMssOS::Adding the swdes entry, created swdb C:/Users/Raquel/Desktop/Project_CR/projeto/palindrome_vitis_v2/mb_design_palindrome_v2/microblaze_0/standalone_microblaze_0/bsp/system.mss with des name C:/Users/Raquel/Desktop/Project_CR/projeto/palindrome_vitis_v2/mb_design_palindrome_v2/microblaze_0/standalone_microblaze_0/bsp/system.mss
TRACE::2022-06-17.23:46:50::SCWMssOS::updating the scw layer changes to swdes at   C:/Users/Raquel/Desktop/Project_CR/projeto/palindrome_vitis_v2/mb_design_palindrome_v2/microblaze_0/standalone_microblaze_0/bsp/system.mss
TRACE::2022-06-17.23:46:50::SCWMssOS::Writing mss at C:/Users/Raquel/Desktop/Project_CR/projeto/palindrome_vitis_v2/mb_design_palindrome_v2/microblaze_0/standalone_microblaze_0/bsp/system.mss
TRACE::2022-06-17.23:46:50::SCWMssOS::Completed writing the mss file at C:/Users/Raquel/Desktop/Project_CR/projeto/palindrome_vitis_v2/mb_design_palindrome_v2/microblaze_0/standalone_microblaze_0/bsp
TRACE::2022-06-17.23:46:50::SCWMssOS::Picking up changes from newly written mss file into SCW Layer. 
TRACE::2022-06-17.23:46:50::SCWMssOS::Updated the changes from newly written mss file into SCW Layer. 
TRACE::2022-06-17.23:46:50::SCWMssOS::Completed writing the mss file at C:/Users/Raquel/Desktop/Project_CR/projeto/palindrome_vitis_v2/mb_design_palindrome_v2/microblaze_0/standalone_microblaze_0/bsp
TRACE::2022-06-17.23:46:50::SCWMssOS::Forcing BSP Sources regeneration.
TRACE::2022-06-17.23:46:53::SCWMssOS::Saving the mss changes C:/Users/Raquel/Desktop/Project_CR/projeto/palindrome_vitis_v2/mb_design_palindrome_v2/microblaze_0/standalone_microblaze_0/bsp/system.mss
TRACE::2022-06-17.23:46:53::SCWMssOS::Found a swdesign opened with the mssfile.
TRACE::2022-06-17.23:46:53::SCWMssOS::Running validate of swdbs.
KEYINFO::2022-06-17.23:46:53::SCWMssOS::Could not open the swdb for C:/Users/Raquel/Desktop/Project_CR/projeto/palindrome_vitis_v2/mb_design_palindrome_v2/microblaze_0/standalone_microblaze_0/bsp/system.mss
KEYINFO::2022-06-17.23:46:53::SCWMssOS::Could not open the sw design at  C:/Users/Raquel/Desktop/Project_CR/projeto/palindrome_vitis_v2/mb_design_palindrome_v2/microblaze_0/standalone_microblaze_0/bsp/system.mss
ERROR: [Hsi 55-1558] Software Design C:/Users/Raquel/Desktop/Project_CR/projeto/palindrome_vitis_v2/mb_design_palindrome_v2/microblaze_0/standalone_microblaze_0/bsp/system.mss is not found

TRACE::2022-06-17.23:46:53::SCWMssOS::Cleared the swdb table entry
TRACE::2022-06-17.23:46:53::SCWMssOS::Adding the swdes entry, mss present, able to open swdb C:/Users/Raquel/Desktop/Project_CR/projeto/palindrome_vitis_v2/mb_design_palindrome_v2/microblaze_0/standalone_microblaze_0/bsp/system.mss with des name system
TRACE::2022-06-17.23:46:53::SCWMssOS::Writing the mss file completed C:/Users/Raquel/Desktop/Project_CR/projeto/palindrome_vitis_v2/mb_design_palindrome_v2/microblaze_0/standalone_microblaze_0/bsp/system.mss
TRACE::2022-06-17.23:46:53::SCWMssOS::Commit changes completed.
TRACE::2022-06-17.23:46:53::SCWPlatform::Trying to open the hw design at C:/Users/Raquel/Desktop/Project_CR/projeto/palindrome_vitis_v2/mb_design_palindrome_v2/hw/mb_design_palindrome_v2.xsa
TRACE::2022-06-17.23:46:53::SCWPlatform::DSA given C:/Users/Raquel/Desktop/Project_CR/projeto/palindrome_vitis_v2/mb_design_palindrome_v2/hw/mb_design_palindrome_v2.xsa
TRACE::2022-06-17.23:46:53::SCWPlatform::DSA absoulate path C:/Users/Raquel/Desktop/Project_CR/projeto/palindrome_vitis_v2/mb_design_palindrome_v2/hw/mb_design_palindrome_v2.xsa
TRACE::2022-06-17.23:46:53::SCWPlatform::DSA directory C:/Users/Raquel/Desktop/Project_CR/projeto/palindrome_vitis_v2/mb_design_palindrome_v2/hw
TRACE::2022-06-17.23:46:53::SCWPlatform:: Platform Path C:/Users/Raquel/Desktop/Project_CR/projeto/palindrome_vitis_v2/mb_design_palindrome_v2/hw/mb_design_palindrome_v2.xsa
TRACE::2022-06-17.23:46:53::SCWPlatform:: Unique name xilinx:nexys4::0.0
TRACE::2022-06-17.23:46:53::SCWPlatform::Trying to set the existing hwdb with name mb_design_wrapper_0
TRACE::2022-06-17.23:46:53::SCWPlatform::Opened existing hwdb mb_design_wrapper_0
TRACE::2022-06-17.23:46:53::SCWPlatform::Found the Hw Db part of the input DSA
TRACE::2022-06-17.23:46:53::SCWMssOS::Checking the sw design at  C:/Users/Raquel/Desktop/Project_CR/projeto/palindrome_vitis_v2/mb_design_palindrome_v2/microblaze_0/standalone_microblaze_0/bsp/system.mss
TRACE::2022-06-17.23:46:53::SCWMssOS::DEBUG:  swdes dump  C:/Users/Raquel/Desktop/Project_CR/projeto/palindrome_vitis_v2/mb_design_palindrome_v2/microblaze_0/standalone_microblaze_0/bsp/system.mss|system||

TRACE::2022-06-17.23:46:53::SCWMssOS::Sw design exists and opened at  C:/Users/Raquel/Desktop/Project_CR/projeto/palindrome_vitis_v2/mb_design_palindrome_v2/microblaze_0/standalone_microblaze_0/bsp/system.mss
TRACE::2022-06-17.23:46:53::SCWPlatform::Trying to open the hw design at C:/Users/Raquel/Desktop/Project_CR/projeto/palindrome_vitis_v2/mb_design_palindrome_v2/hw/mb_design_palindrome_v2.xsa
TRACE::2022-06-17.23:46:53::SCWPlatform::DSA given C:/Users/Raquel/Desktop/Project_CR/projeto/palindrome_vitis_v2/mb_design_palindrome_v2/hw/mb_design_palindrome_v2.xsa
TRACE::2022-06-17.23:46:53::SCWPlatform::DSA absoulate path C:/Users/Raquel/Desktop/Project_CR/projeto/palindrome_vitis_v2/mb_design_palindrome_v2/hw/mb_design_palindrome_v2.xsa
TRACE::2022-06-17.23:46:53::SCWPlatform::DSA directory C:/Users/Raquel/Desktop/Project_CR/projeto/palindrome_vitis_v2/mb_design_palindrome_v2/hw
TRACE::2022-06-17.23:46:53::SCWPlatform:: Platform Path C:/Users/Raquel/Desktop/Project_CR/projeto/palindrome_vitis_v2/mb_design_palindrome_v2/hw/mb_design_palindrome_v2.xsa
TRACE::2022-06-17.23:46:53::SCWPlatform:: Unique name xilinx:nexys4::0.0
TRACE::2022-06-17.23:46:53::SCWPlatform::Trying to set the existing hwdb with name mb_design_wrapper_0
TRACE::2022-06-17.23:46:53::SCWPlatform::Opened existing hwdb mb_design_wrapper_0
TRACE::2022-06-17.23:46:53::SCWPlatform::Found the Hw Db part of the input DSA
TRACE::2022-06-17.23:46:53::SCWMssOS::Checking the sw design at  C:/Users/Raquel/Desktop/Project_CR/projeto/palindrome_vitis_v2/mb_design_palindrome_v2/microblaze_0/standalone_microblaze_0/bsp/system.mss
TRACE::2022-06-17.23:46:53::SCWMssOS::DEBUG:  swdes dump  C:/Users/Raquel/Desktop/Project_CR/projeto/palindrome_vitis_v2/mb_design_palindrome_v2/microblaze_0/standalone_microblaze_0/bsp/system.mss|system||

TRACE::2022-06-17.23:46:53::SCWMssOS::Sw design exists and opened at  C:/Users/Raquel/Desktop/Project_CR/projeto/palindrome_vitis_v2/mb_design_palindrome_v2/microblaze_0/standalone_microblaze_0/bsp/system.mss
TRACE::2022-06-17.23:46:53::SCWPlatform::Trying to open the hw design at C:/Users/Raquel/Desktop/Project_CR/projeto/palindrome_vitis_v2/mb_design_palindrome_v2/hw/mb_design_palindrome_v2.xsa
TRACE::2022-06-17.23:46:53::SCWPlatform::DSA given C:/Users/Raquel/Desktop/Project_CR/projeto/palindrome_vitis_v2/mb_design_palindrome_v2/hw/mb_design_palindrome_v2.xsa
TRACE::2022-06-17.23:46:53::SCWPlatform::DSA absoulate path C:/Users/Raquel/Desktop/Project_CR/projeto/palindrome_vitis_v2/mb_design_palindrome_v2/hw/mb_design_palindrome_v2.xsa
TRACE::2022-06-17.23:46:53::SCWPlatform::DSA directory C:/Users/Raquel/Desktop/Project_CR/projeto/palindrome_vitis_v2/mb_design_palindrome_v2/hw
TRACE::2022-06-17.23:46:53::SCWPlatform:: Platform Path C:/Users/Raquel/Desktop/Project_CR/projeto/palindrome_vitis_v2/mb_design_palindrome_v2/hw/mb_design_palindrome_v2.xsa
TRACE::2022-06-17.23:46:53::SCWPlatform:: Unique name xilinx:nexys4::0.0
TRACE::2022-06-17.23:46:53::SCWPlatform::Trying to set the existing hwdb with name mb_design_wrapper_0
TRACE::2022-06-17.23:46:53::SCWPlatform::Opened existing hwdb mb_design_wrapper_0
TRACE::2022-06-17.23:46:53::SCWPlatform::Found the Hw Db part of the input DSA
TRACE::2022-06-17.23:46:53::SCWMssOS::Checking the sw design at  C:/Users/Raquel/Desktop/Project_CR/projeto/palindrome_vitis_v2/mb_design_palindrome_v2/microblaze_0/standalone_microblaze_0/bsp/system.mss
TRACE::2022-06-17.23:46:53::SCWMssOS::DEBUG:  swdes dump  C:/Users/Raquel/Desktop/Project_CR/projeto/palindrome_vitis_v2/mb_design_palindrome_v2/microblaze_0/standalone_microblaze_0/bsp/system.mss|system||

TRACE::2022-06-17.23:46:53::SCWMssOS::Sw design exists and opened at  C:/Users/Raquel/Desktop/Project_CR/projeto/palindrome_vitis_v2/mb_design_palindrome_v2/microblaze_0/standalone_microblaze_0/bsp/system.mss
TRACE::2022-06-17.23:46:53::SCWWriter::formatted JSON is {
	"platformName":	"mb_design_palindrome_v2",
	"sprVersion":	"2.0",
	"mode":	"gui",
	"dsaType":	"Fixed",
	"platformDesc":	"mb_design_palindrome_v2",
	"platHandOff":	"C:/Users/Raquel/Desktop/Project_CR/projeto/palindrome/mb_design_palindrome_v2.xsa",
	"platIntHandOff":	"<platformDir>/hw/mb_design_palindrome_v2.xsa",
	"deviceType":	"FPGA",
	"platIsPrebuiltAutogen":	"false",
	"platIsNoBootBsp":	"false",
	"hasFsblMakeHasChanges":	"false",
	"hasPmufwMakeHasChanges":	"false",
	"platPreBuiltFlag":	false,
	"platformSamplesDir":	"",
	"platActiveSys":	"mb_design_palindrome_v2",
	"systems":	[{
			"systemName":	"mb_design_palindrome_v2",
			"systemDesc":	"mb_design_palindrome_v2",
			"sysIsBootAutoGen":	"true",
			"systemDispName":	"mb_design_palindrome_v2",
			"sysActiveDom":	"standalone_microblaze_0",
			"sysDefaultDom":	"standalone_microblaze_0",
			"domains":	[{
					"domainName":	"standalone_microblaze_0",
					"domainDispName":	"standalone_microblaze_0",
					"domainDesc":	"standalone_microblaze_0",
					"processors":	"microblaze_0",
					"os":	"standalone",
					"sdxOs":	"standalone",
					"debugEnable":	"False",
					"domRuntimes":	["cpp"],
					"swRepo":	"",
					"mssOsVer":	"7.3",
					"mssFile":	"",
					"md5Digest":	"fb7ed2e4d128746253e13d4e26013f65",
					"compatibleApp":	"hello_world",
					"domType":	"mssDomain",
					"arch":	"32-bit",
					"appSettings":	{
						"appCompilerFlags":	"",
						"appLinkerFlags":	""
					},
					"addedLibs":	[],
					"libOptions":	{
						"libsContainingOptions":	[]
					},
					"prebuiltLibs":	{
						"prebuiltIncPath":	[],
						"prebuiltLibPath":	[]
					},
					"isolation":	{
					}
				}]
		}]
}
LOG::2022-06-17.23:46:53::SCWPlatform::Started generating the artifacts platform mb_design_palindrome_v2
TRACE::2022-06-17.23:46:53::SCWPlatform::Sanity checking of platform is completed
LOG::2022-06-17.23:46:53::SCWPlatform::Started generating the artifacts for system configuration mb_design_palindrome_v2
LOG::2022-06-17.23:46:53::SCWSystem::Checking the domain standalone_microblaze_0
LOG::2022-06-17.23:46:53::SCWSystem::Not a boot domain 
LOG::2022-06-17.23:46:53::SCWSystem::Started Processing the domain standalone_microblaze_0
TRACE::2022-06-17.23:46:53::SCWDomain::Generating domain artifcats
TRACE::2022-06-17.23:46:53::SCWMssOS::Generating standalone artifcats
TRACE::2022-06-17.23:46:53::SCWMssOS:: Copying the user libraries. 
TRACE::2022-06-17.23:46:53::SCWPlatform::Trying to open the hw design at C:/Users/Raquel/Desktop/Project_CR/projeto/palindrome_vitis_v2/mb_design_palindrome_v2/hw/mb_design_palindrome_v2.xsa
TRACE::2022-06-17.23:46:53::SCWPlatform::DSA given C:/Users/Raquel/Desktop/Project_CR/projeto/palindrome_vitis_v2/mb_design_palindrome_v2/hw/mb_design_palindrome_v2.xsa
TRACE::2022-06-17.23:46:53::SCWPlatform::DSA absoulate path C:/Users/Raquel/Desktop/Project_CR/projeto/palindrome_vitis_v2/mb_design_palindrome_v2/hw/mb_design_palindrome_v2.xsa
TRACE::2022-06-17.23:46:53::SCWPlatform::DSA directory C:/Users/Raquel/Desktop/Project_CR/projeto/palindrome_vitis_v2/mb_design_palindrome_v2/hw
TRACE::2022-06-17.23:46:53::SCWPlatform:: Platform Path C:/Users/Raquel/Desktop/Project_CR/projeto/palindrome_vitis_v2/mb_design_palindrome_v2/hw/mb_design_palindrome_v2.xsa
TRACE::2022-06-17.23:46:53::SCWPlatform:: Unique name xilinx:nexys4::0.0
TRACE::2022-06-17.23:46:53::SCWPlatform::Trying to set the existing hwdb with name mb_design_wrapper_0
TRACE::2022-06-17.23:46:53::SCWPlatform::Opened existing hwdb mb_design_wrapper_0
TRACE::2022-06-17.23:46:53::SCWPlatform::Found the Hw Db part of the input DSA
TRACE::2022-06-17.23:46:53::SCWMssOS::Checking the sw design at  C:/Users/Raquel/Desktop/Project_CR/projeto/palindrome_vitis_v2/mb_design_palindrome_v2/microblaze_0/standalone_microblaze_0/bsp/system.mss
TRACE::2022-06-17.23:46:53::SCWMssOS::DEBUG:  swdes dump  C:/Users/Raquel/Desktop/Project_CR/projeto/palindrome_vitis_v2/mb_design_palindrome_v2/microblaze_0/standalone_microblaze_0/bsp/system.mss|system||

TRACE::2022-06-17.23:46:53::SCWMssOS::Sw design exists and opened at  C:/Users/Raquel/Desktop/Project_CR/projeto/palindrome_vitis_v2/mb_design_palindrome_v2/microblaze_0/standalone_microblaze_0/bsp/system.mss
TRACE::2022-06-17.23:46:53::SCWMssOS::Completed writing the mss file at C:/Users/Raquel/Desktop/Project_CR/projeto/palindrome_vitis_v2/mb_design_palindrome_v2/microblaze_0/standalone_microblaze_0/bsp
TRACE::2022-06-17.23:46:53::SCWMssOS::Mss edits present, copying mssfile into export location C:/Users/Raquel/Desktop/Project_CR/projeto/palindrome_vitis_v2/mb_design_palindrome_v2/microblaze_0/standalone_microblaze_0/bsp/system.mss
TRACE::2022-06-17.23:46:53::SCWMssOS::bsp generated is upto date with the mss file. Skipping bsp generation.
TRACE::2022-06-17.23:46:53::SCWMssOS::BSP is already built. skipping the bsp build ... 
TRACE::2022-06-17.23:46:53::SCWDomain::Skipping the build for domain :  standalone_microblaze_0
TRACE::2022-06-17.23:46:53::SCWMssOS::skipping the bsp build ... 
TRACE::2022-06-17.23:46:53::SCWMssOS::Copying to export directory.
TRACE::2022-06-17.23:46:53::SCWMssOS:: Checking if to create the Supporting Applications
TRACE::2022-06-17.23:46:53::SCWMssOS:: No Linux domain exists, trying to generate FSBL 
LOG::2022-06-17.23:46:53::SCWSystem::Completed Processing the domain standalone_microblaze_0
LOG::2022-06-17.23:46:53::SCWSystem::Completed Processing the sysconfig mb_design_palindrome_v2
LOG::2022-06-17.23:46:53::SCWPlatform::Completed generating the artifacts for system configuration mb_design_palindrome_v2
TRACE::2022-06-17.23:46:53::SCWPlatform::Started preparing the platform 
TRACE::2022-06-17.23:46:53::SCWSystem::Writing the bif file for system config mb_design_palindrome_v2
TRACE::2022-06-17.23:46:53::SCWSystem::dir created 
TRACE::2022-06-17.23:46:53::SCWSystem::Writing the bif 
TRACE::2022-06-17.23:46:53::SCWPlatform::Started writing the spfm file 
TRACE::2022-06-17.23:46:53::SCWPlatform::Started writing the xpfm file 
TRACE::2022-06-17.23:46:53::SCWPlatform::Completed generating the platform
TRACE::2022-06-17.23:46:53::SCWMssOS::Saving the mss changes C:/Users/Raquel/Desktop/Project_CR/projeto/palindrome_vitis_v2/mb_design_palindrome_v2/microblaze_0/standalone_microblaze_0/bsp/system.mss
TRACE::2022-06-17.23:46:53::SCWMssOS::Found a swdesign opened with the mssfile.
TRACE::2022-06-17.23:46:53::SCWMssOS::Completed writemss as part of save.
TRACE::2022-06-17.23:46:53::SCWMssOS::Commit changes completed.
TRACE::2022-06-17.23:46:53::SCWPlatform::Trying to open the hw design at C:/Users/Raquel/Desktop/Project_CR/projeto/palindrome_vitis_v2/mb_design_palindrome_v2/hw/mb_design_palindrome_v2.xsa
TRACE::2022-06-17.23:46:53::SCWPlatform::DSA given C:/Users/Raquel/Desktop/Project_CR/projeto/palindrome_vitis_v2/mb_design_palindrome_v2/hw/mb_design_palindrome_v2.xsa
TRACE::2022-06-17.23:46:53::SCWPlatform::DSA absoulate path C:/Users/Raquel/Desktop/Project_CR/projeto/palindrome_vitis_v2/mb_design_palindrome_v2/hw/mb_design_palindrome_v2.xsa
TRACE::2022-06-17.23:46:53::SCWPlatform::DSA directory C:/Users/Raquel/Desktop/Project_CR/projeto/palindrome_vitis_v2/mb_design_palindrome_v2/hw
TRACE::2022-06-17.23:46:53::SCWPlatform:: Platform Path C:/Users/Raquel/Desktop/Project_CR/projeto/palindrome_vitis_v2/mb_design_palindrome_v2/hw/mb_design_palindrome_v2.xsa
TRACE::2022-06-17.23:46:53::SCWPlatform:: Unique name xilinx:nexys4::0.0
TRACE::2022-06-17.23:46:53::SCWPlatform::Trying to set the existing hwdb with name mb_design_wrapper_0
TRACE::2022-06-17.23:46:53::SCWPlatform::Opened existing hwdb mb_design_wrapper_0
TRACE::2022-06-17.23:46:53::SCWPlatform::Found the Hw Db part of the input DSA
TRACE::2022-06-17.23:46:53::SCWMssOS::Checking the sw design at  C:/Users/Raquel/Desktop/Project_CR/projeto/palindrome_vitis_v2/mb_design_palindrome_v2/microblaze_0/standalone_microblaze_0/bsp/system.mss
TRACE::2022-06-17.23:46:53::SCWMssOS::DEBUG:  swdes dump  C:/Users/Raquel/Desktop/Project_CR/projeto/palindrome_vitis_v2/mb_design_palindrome_v2/microblaze_0/standalone_microblaze_0/bsp/system.mss|system||

TRACE::2022-06-17.23:46:53::SCWMssOS::Sw design exists and opened at  C:/Users/Raquel/Desktop/Project_CR/projeto/palindrome_vitis_v2/mb_design_palindrome_v2/microblaze_0/standalone_microblaze_0/bsp/system.mss
TRACE::2022-06-17.23:46:53::SCWPlatform::Trying to open the hw design at C:/Users/Raquel/Desktop/Project_CR/projeto/palindrome_vitis_v2/mb_design_palindrome_v2/hw/mb_design_palindrome_v2.xsa
TRACE::2022-06-17.23:46:53::SCWPlatform::DSA given C:/Users/Raquel/Desktop/Project_CR/projeto/palindrome_vitis_v2/mb_design_palindrome_v2/hw/mb_design_palindrome_v2.xsa
TRACE::2022-06-17.23:46:53::SCWPlatform::DSA absoulate path C:/Users/Raquel/Desktop/Project_CR/projeto/palindrome_vitis_v2/mb_design_palindrome_v2/hw/mb_design_palindrome_v2.xsa
TRACE::2022-06-17.23:46:53::SCWPlatform::DSA directory C:/Users/Raquel/Desktop/Project_CR/projeto/palindrome_vitis_v2/mb_design_palindrome_v2/hw
TRACE::2022-06-17.23:46:53::SCWPlatform:: Platform Path C:/Users/Raquel/Desktop/Project_CR/projeto/palindrome_vitis_v2/mb_design_palindrome_v2/hw/mb_design_palindrome_v2.xsa
TRACE::2022-06-17.23:46:53::SCWPlatform:: Unique name xilinx:nexys4::0.0
TRACE::2022-06-17.23:46:53::SCWPlatform::Trying to set the existing hwdb with name mb_design_wrapper_0
TRACE::2022-06-17.23:46:53::SCWPlatform::Opened existing hwdb mb_design_wrapper_0
TRACE::2022-06-17.23:46:53::SCWPlatform::Found the Hw Db part of the input DSA
TRACE::2022-06-17.23:46:53::SCWMssOS::Checking the sw design at  C:/Users/Raquel/Desktop/Project_CR/projeto/palindrome_vitis_v2/mb_design_palindrome_v2/microblaze_0/standalone_microblaze_0/bsp/system.mss
TRACE::2022-06-17.23:46:53::SCWMssOS::DEBUG:  swdes dump  C:/Users/Raquel/Desktop/Project_CR/projeto/palindrome_vitis_v2/mb_design_palindrome_v2/microblaze_0/standalone_microblaze_0/bsp/system.mss|system||

TRACE::2022-06-17.23:46:53::SCWMssOS::Sw design exists and opened at  C:/Users/Raquel/Desktop/Project_CR/projeto/palindrome_vitis_v2/mb_design_palindrome_v2/microblaze_0/standalone_microblaze_0/bsp/system.mss
TRACE::2022-06-17.23:46:53::SCWPlatform::Trying to open the hw design at C:/Users/Raquel/Desktop/Project_CR/projeto/palindrome_vitis_v2/mb_design_palindrome_v2/hw/mb_design_palindrome_v2.xsa
TRACE::2022-06-17.23:46:53::SCWPlatform::DSA given C:/Users/Raquel/Desktop/Project_CR/projeto/palindrome_vitis_v2/mb_design_palindrome_v2/hw/mb_design_palindrome_v2.xsa
TRACE::2022-06-17.23:46:53::SCWPlatform::DSA absoulate path C:/Users/Raquel/Desktop/Project_CR/projeto/palindrome_vitis_v2/mb_design_palindrome_v2/hw/mb_design_palindrome_v2.xsa
TRACE::2022-06-17.23:46:53::SCWPlatform::DSA directory C:/Users/Raquel/Desktop/Project_CR/projeto/palindrome_vitis_v2/mb_design_palindrome_v2/hw
TRACE::2022-06-17.23:46:53::SCWPlatform:: Platform Path C:/Users/Raquel/Desktop/Project_CR/projeto/palindrome_vitis_v2/mb_design_palindrome_v2/hw/mb_design_palindrome_v2.xsa
TRACE::2022-06-17.23:46:53::SCWPlatform:: Unique name xilinx:nexys4::0.0
TRACE::2022-06-17.23:46:53::SCWPlatform::Trying to set the existing hwdb with name mb_design_wrapper_0
TRACE::2022-06-17.23:46:53::SCWPlatform::Opened existing hwdb mb_design_wrapper_0
TRACE::2022-06-17.23:46:53::SCWPlatform::Found the Hw Db part of the input DSA
TRACE::2022-06-17.23:46:53::SCWMssOS::Checking the sw design at  C:/Users/Raquel/Desktop/Project_CR/projeto/palindrome_vitis_v2/mb_design_palindrome_v2/microblaze_0/standalone_microblaze_0/bsp/system.mss
TRACE::2022-06-17.23:46:53::SCWMssOS::DEBUG:  swdes dump  C:/Users/Raquel/Desktop/Project_CR/projeto/palindrome_vitis_v2/mb_design_palindrome_v2/microblaze_0/standalone_microblaze_0/bsp/system.mss|system||

TRACE::2022-06-17.23:46:53::SCWMssOS::Sw design exists and opened at  C:/Users/Raquel/Desktop/Project_CR/projeto/palindrome_vitis_v2/mb_design_palindrome_v2/microblaze_0/standalone_microblaze_0/bsp/system.mss
TRACE::2022-06-17.23:46:53::SCWWriter::formatted JSON is {
	"platformName":	"mb_design_palindrome_v2",
	"sprVersion":	"2.0",
	"mode":	"gui",
	"dsaType":	"Fixed",
	"platformDesc":	"mb_design_palindrome_v2",
	"platHandOff":	"C:/Users/Raquel/Desktop/Project_CR/projeto/palindrome/mb_design_palindrome_v2.xsa",
	"platIntHandOff":	"<platformDir>/hw/mb_design_palindrome_v2.xsa",
	"deviceType":	"FPGA",
	"platIsPrebuiltAutogen":	"false",
	"platIsNoBootBsp":	"false",
	"hasFsblMakeHasChanges":	"false",
	"hasPmufwMakeHasChanges":	"false",
	"platPreBuiltFlag":	false,
	"platformSamplesDir":	"",
	"platActiveSys":	"mb_design_palindrome_v2",
	"systems":	[{
			"systemName":	"mb_design_palindrome_v2",
			"systemDesc":	"mb_design_palindrome_v2",
			"sysIsBootAutoGen":	"true",
			"systemDispName":	"mb_design_palindrome_v2",
			"sysActiveDom":	"standalone_microblaze_0",
			"sysDefaultDom":	"standalone_microblaze_0",
			"domains":	[{
					"domainName":	"standalone_microblaze_0",
					"domainDispName":	"standalone_microblaze_0",
					"domainDesc":	"standalone_microblaze_0",
					"processors":	"microblaze_0",
					"os":	"standalone",
					"sdxOs":	"standalone",
					"debugEnable":	"False",
					"domRuntimes":	["cpp"],
					"swRepo":	"",
					"mssOsVer":	"7.3",
					"mssFile":	"",
					"md5Digest":	"fb7ed2e4d128746253e13d4e26013f65",
					"compatibleApp":	"hello_world",
					"domType":	"mssDomain",
					"arch":	"32-bit",
					"appSettings":	{
						"appCompilerFlags":	"",
						"appLinkerFlags":	""
					},
					"addedLibs":	[],
					"libOptions":	{
						"libsContainingOptions":	[]
					},
					"prebuiltLibs":	{
						"prebuiltIncPath":	[],
						"prebuiltLibPath":	[]
					},
					"isolation":	{
					}
				}]
		}]
}
KEYINFO::2022-06-17.23:46:53::SCWPlatform::updated the xpfm file.
TRACE::2022-06-17.23:46:53::SCWPlatform::Trying to open the hw design at C:/Users/Raquel/Desktop/Project_CR/projeto/palindrome_vitis_v2/mb_design_palindrome_v2/hw/mb_design_palindrome_v2.xsa
TRACE::2022-06-17.23:46:53::SCWPlatform::DSA given C:/Users/Raquel/Desktop/Project_CR/projeto/palindrome_vitis_v2/mb_design_palindrome_v2/hw/mb_design_palindrome_v2.xsa
TRACE::2022-06-17.23:46:53::SCWPlatform::DSA absoulate path C:/Users/Raquel/Desktop/Project_CR/projeto/palindrome_vitis_v2/mb_design_palindrome_v2/hw/mb_design_palindrome_v2.xsa
TRACE::2022-06-17.23:46:53::SCWPlatform::DSA directory C:/Users/Raquel/Desktop/Project_CR/projeto/palindrome_vitis_v2/mb_design_palindrome_v2/hw
TRACE::2022-06-17.23:46:53::SCWPlatform:: Platform Path C:/Users/Raquel/Desktop/Project_CR/projeto/palindrome_vitis_v2/mb_design_palindrome_v2/hw/mb_design_palindrome_v2.xsa
TRACE::2022-06-17.23:46:53::SCWPlatform:: Unique name xilinx:nexys4::0.0
TRACE::2022-06-17.23:46:53::SCWPlatform::Trying to set the existing hwdb with name mb_design_wrapper_0
TRACE::2022-06-17.23:46:53::SCWPlatform::Opened existing hwdb mb_design_wrapper_0
TRACE::2022-06-17.23:46:53::SCWPlatform::Found the Hw Db part of the input DSA
TRACE::2022-06-17.23:46:53::SCWMssOS::Checking the sw design at  C:/Users/Raquel/Desktop/Project_CR/projeto/palindrome_vitis_v2/mb_design_palindrome_v2/microblaze_0/standalone_microblaze_0/bsp/system.mss
TRACE::2022-06-17.23:46:53::SCWMssOS::DEBUG:  swdes dump  C:/Users/Raquel/Desktop/Project_CR/projeto/palindrome_vitis_v2/mb_design_palindrome_v2/microblaze_0/standalone_microblaze_0/bsp/system.mss|system||

TRACE::2022-06-17.23:46:53::SCWMssOS::Sw design exists and opened at  C:/Users/Raquel/Desktop/Project_CR/projeto/palindrome_vitis_v2/mb_design_palindrome_v2/microblaze_0/standalone_microblaze_0/bsp/system.mss
TRACE::2022-06-17.23:46:53::SCWMssOS::Saving the mss changes C:/Users/Raquel/Desktop/Project_CR/projeto/palindrome_vitis_v2/mb_design_palindrome_v2/microblaze_0/standalone_microblaze_0/bsp/system.mss
TRACE::2022-06-17.23:46:53::SCWMssOS::Found a swdesign opened with the mssfile.
TRACE::2022-06-17.23:46:53::SCWMssOS::Completed writemss as part of save.
TRACE::2022-06-17.23:46:53::SCWMssOS::Commit changes completed.
TRACE::2022-06-17.23:46:53::SCWPlatform::Trying to open the hw design at C:/Users/Raquel/Desktop/Project_CR/projeto/palindrome_vitis_v2/mb_design_palindrome_v2/hw/mb_design_palindrome_v2.xsa
TRACE::2022-06-17.23:46:53::SCWPlatform::DSA given C:/Users/Raquel/Desktop/Project_CR/projeto/palindrome_vitis_v2/mb_design_palindrome_v2/hw/mb_design_palindrome_v2.xsa
TRACE::2022-06-17.23:46:53::SCWPlatform::DSA absoulate path C:/Users/Raquel/Desktop/Project_CR/projeto/palindrome_vitis_v2/mb_design_palindrome_v2/hw/mb_design_palindrome_v2.xsa
TRACE::2022-06-17.23:46:53::SCWPlatform::DSA directory C:/Users/Raquel/Desktop/Project_CR/projeto/palindrome_vitis_v2/mb_design_palindrome_v2/hw
TRACE::2022-06-17.23:46:53::SCWPlatform:: Platform Path C:/Users/Raquel/Desktop/Project_CR/projeto/palindrome_vitis_v2/mb_design_palindrome_v2/hw/mb_design_palindrome_v2.xsa
TRACE::2022-06-17.23:46:53::SCWPlatform:: Unique name xilinx:nexys4::0.0
TRACE::2022-06-17.23:46:53::SCWPlatform::Trying to set the existing hwdb with name mb_design_wrapper_0
TRACE::2022-06-17.23:46:53::SCWPlatform::Opened existing hwdb mb_design_wrapper_0
TRACE::2022-06-17.23:46:53::SCWPlatform::Found the Hw Db part of the input DSA
TRACE::2022-06-17.23:46:53::SCWMssOS::Checking the sw design at  C:/Users/Raquel/Desktop/Project_CR/projeto/palindrome_vitis_v2/mb_design_palindrome_v2/microblaze_0/standalone_microblaze_0/bsp/system.mss
TRACE::2022-06-17.23:46:53::SCWMssOS::DEBUG:  swdes dump  C:/Users/Raquel/Desktop/Project_CR/projeto/palindrome_vitis_v2/mb_design_palindrome_v2/microblaze_0/standalone_microblaze_0/bsp/system.mss|system||

TRACE::2022-06-17.23:46:53::SCWMssOS::Sw design exists and opened at  C:/Users/Raquel/Desktop/Project_CR/projeto/palindrome_vitis_v2/mb_design_palindrome_v2/microblaze_0/standalone_microblaze_0/bsp/system.mss
TRACE::2022-06-17.23:46:53::SCWPlatform::Trying to open the hw design at C:/Users/Raquel/Desktop/Project_CR/projeto/palindrome_vitis_v2/mb_design_palindrome_v2/hw/mb_design_palindrome_v2.xsa
TRACE::2022-06-17.23:46:53::SCWPlatform::DSA given C:/Users/Raquel/Desktop/Project_CR/projeto/palindrome_vitis_v2/mb_design_palindrome_v2/hw/mb_design_palindrome_v2.xsa
TRACE::2022-06-17.23:46:53::SCWPlatform::DSA absoulate path C:/Users/Raquel/Desktop/Project_CR/projeto/palindrome_vitis_v2/mb_design_palindrome_v2/hw/mb_design_palindrome_v2.xsa
TRACE::2022-06-17.23:46:53::SCWPlatform::DSA directory C:/Users/Raquel/Desktop/Project_CR/projeto/palindrome_vitis_v2/mb_design_palindrome_v2/hw
TRACE::2022-06-17.23:46:53::SCWPlatform:: Platform Path C:/Users/Raquel/Desktop/Project_CR/projeto/palindrome_vitis_v2/mb_design_palindrome_v2/hw/mb_design_palindrome_v2.xsa
TRACE::2022-06-17.23:46:53::SCWPlatform:: Unique name xilinx:nexys4::0.0
TRACE::2022-06-17.23:46:53::SCWPlatform::Trying to set the existing hwdb with name mb_design_wrapper_0
TRACE::2022-06-17.23:46:53::SCWPlatform::Opened existing hwdb mb_design_wrapper_0
TRACE::2022-06-17.23:46:53::SCWPlatform::Found the Hw Db part of the input DSA
TRACE::2022-06-17.23:46:53::SCWMssOS::Checking the sw design at  C:/Users/Raquel/Desktop/Project_CR/projeto/palindrome_vitis_v2/mb_design_palindrome_v2/microblaze_0/standalone_microblaze_0/bsp/system.mss
TRACE::2022-06-17.23:46:53::SCWMssOS::DEBUG:  swdes dump  C:/Users/Raquel/Desktop/Project_CR/projeto/palindrome_vitis_v2/mb_design_palindrome_v2/microblaze_0/standalone_microblaze_0/bsp/system.mss|system||

TRACE::2022-06-17.23:46:53::SCWMssOS::Sw design exists and opened at  C:/Users/Raquel/Desktop/Project_CR/projeto/palindrome_vitis_v2/mb_design_palindrome_v2/microblaze_0/standalone_microblaze_0/bsp/system.mss
TRACE::2022-06-17.23:46:53::SCWPlatform::Trying to open the hw design at C:/Users/Raquel/Desktop/Project_CR/projeto/palindrome_vitis_v2/mb_design_palindrome_v2/hw/mb_design_palindrome_v2.xsa
TRACE::2022-06-17.23:46:53::SCWPlatform::DSA given C:/Users/Raquel/Desktop/Project_CR/projeto/palindrome_vitis_v2/mb_design_palindrome_v2/hw/mb_design_palindrome_v2.xsa
TRACE::2022-06-17.23:46:53::SCWPlatform::DSA absoulate path C:/Users/Raquel/Desktop/Project_CR/projeto/palindrome_vitis_v2/mb_design_palindrome_v2/hw/mb_design_palindrome_v2.xsa
TRACE::2022-06-17.23:46:53::SCWPlatform::DSA directory C:/Users/Raquel/Desktop/Project_CR/projeto/palindrome_vitis_v2/mb_design_palindrome_v2/hw
TRACE::2022-06-17.23:46:53::SCWPlatform:: Platform Path C:/Users/Raquel/Desktop/Project_CR/projeto/palindrome_vitis_v2/mb_design_palindrome_v2/hw/mb_design_palindrome_v2.xsa
TRACE::2022-06-17.23:46:53::SCWPlatform:: Unique name xilinx:nexys4::0.0
TRACE::2022-06-17.23:46:53::SCWPlatform::Trying to set the existing hwdb with name mb_design_wrapper_0
TRACE::2022-06-17.23:46:53::SCWPlatform::Opened existing hwdb mb_design_wrapper_0
TRACE::2022-06-17.23:46:53::SCWPlatform::Found the Hw Db part of the input DSA
TRACE::2022-06-17.23:46:53::SCWMssOS::Checking the sw design at  C:/Users/Raquel/Desktop/Project_CR/projeto/palindrome_vitis_v2/mb_design_palindrome_v2/microblaze_0/standalone_microblaze_0/bsp/system.mss
TRACE::2022-06-17.23:46:53::SCWMssOS::DEBUG:  swdes dump  C:/Users/Raquel/Desktop/Project_CR/projeto/palindrome_vitis_v2/mb_design_palindrome_v2/microblaze_0/standalone_microblaze_0/bsp/system.mss|system||

TRACE::2022-06-17.23:46:53::SCWMssOS::Sw design exists and opened at  C:/Users/Raquel/Desktop/Project_CR/projeto/palindrome_vitis_v2/mb_design_palindrome_v2/microblaze_0/standalone_microblaze_0/bsp/system.mss
TRACE::2022-06-17.23:46:53::SCWWriter::formatted JSON is {
	"platformName":	"mb_design_palindrome_v2",
	"sprVersion":	"2.0",
	"mode":	"gui",
	"dsaType":	"Fixed",
	"platformDesc":	"mb_design_palindrome_v2",
	"platHandOff":	"C:/Users/Raquel/Desktop/Project_CR/projeto/palindrome/mb_design_palindrome_v2.xsa",
	"platIntHandOff":	"<platformDir>/hw/mb_design_palindrome_v2.xsa",
	"deviceType":	"FPGA",
	"platIsPrebuiltAutogen":	"false",
	"platIsNoBootBsp":	"false",
	"hasFsblMakeHasChanges":	"false",
	"hasPmufwMakeHasChanges":	"false",
	"platPreBuiltFlag":	false,
	"platformSamplesDir":	"",
	"platActiveSys":	"mb_design_palindrome_v2",
	"systems":	[{
			"systemName":	"mb_design_palindrome_v2",
			"systemDesc":	"mb_design_palindrome_v2",
			"sysIsBootAutoGen":	"true",
			"systemDispName":	"mb_design_palindrome_v2",
			"sysActiveDom":	"standalone_microblaze_0",
			"sysDefaultDom":	"standalone_microblaze_0",
			"domains":	[{
					"domainName":	"standalone_microblaze_0",
					"domainDispName":	"standalone_microblaze_0",
					"domainDesc":	"standalone_microblaze_0",
					"processors":	"microblaze_0",
					"os":	"standalone",
					"sdxOs":	"standalone",
					"debugEnable":	"False",
					"domRuntimes":	["cpp"],
					"swRepo":	"",
					"mssOsVer":	"7.3",
					"mssFile":	"",
					"md5Digest":	"fb7ed2e4d128746253e13d4e26013f65",
					"compatibleApp":	"hello_world",
					"domType":	"mssDomain",
					"arch":	"32-bit",
					"appSettings":	{
						"appCompilerFlags":	"",
						"appLinkerFlags":	""
					},
					"addedLibs":	[],
					"libOptions":	{
						"libsContainingOptions":	[]
					},
					"prebuiltLibs":	{
						"prebuiltIncPath":	[],
						"prebuiltLibPath":	[]
					},
					"isolation":	{
					}
				}]
		}]
}
TRACE::2022-06-17.23:46:53::SCWPlatform::Trying to open the hw design at C:/Users/Raquel/Desktop/Project_CR/projeto/palindrome_vitis_v2/mb_design_palindrome_v2/hw/mb_design_palindrome_v2.xsa
TRACE::2022-06-17.23:46:53::SCWPlatform::DSA given C:/Users/Raquel/Desktop/Project_CR/projeto/palindrome_vitis_v2/mb_design_palindrome_v2/hw/mb_design_palindrome_v2.xsa
TRACE::2022-06-17.23:46:53::SCWPlatform::DSA absoulate path C:/Users/Raquel/Desktop/Project_CR/projeto/palindrome_vitis_v2/mb_design_palindrome_v2/hw/mb_design_palindrome_v2.xsa
TRACE::2022-06-17.23:46:53::SCWPlatform::DSA directory C:/Users/Raquel/Desktop/Project_CR/projeto/palindrome_vitis_v2/mb_design_palindrome_v2/hw
TRACE::2022-06-17.23:46:53::SCWPlatform:: Platform Path C:/Users/Raquel/Desktop/Project_CR/projeto/palindrome_vitis_v2/mb_design_palindrome_v2/hw/mb_design_palindrome_v2.xsa
TRACE::2022-06-17.23:46:53::SCWPlatform:: Unique name xilinx:nexys4::0.0
TRACE::2022-06-17.23:46:53::SCWPlatform::Trying to set the existing hwdb with name mb_design_wrapper_0
TRACE::2022-06-17.23:46:53::SCWPlatform::Opened existing hwdb mb_design_wrapper_0
TRACE::2022-06-17.23:46:53::SCWPlatform::Found the Hw Db part of the input DSA
TRACE::2022-06-17.23:46:53::SCWMssOS::Checking the sw design at  C:/Users/Raquel/Desktop/Project_CR/projeto/palindrome_vitis_v2/mb_design_palindrome_v2/microblaze_0/standalone_microblaze_0/bsp/system.mss
TRACE::2022-06-17.23:46:53::SCWMssOS::DEBUG:  swdes dump  C:/Users/Raquel/Desktop/Project_CR/projeto/palindrome_vitis_v2/mb_design_palindrome_v2/microblaze_0/standalone_microblaze_0/bsp/system.mss|system||

TRACE::2022-06-17.23:46:53::SCWMssOS::Sw design exists and opened at  C:/Users/Raquel/Desktop/Project_CR/projeto/palindrome_vitis_v2/mb_design_palindrome_v2/microblaze_0/standalone_microblaze_0/bsp/system.mss
TRACE::2022-06-17.23:46:53::SCWPlatform::Trying to open the hw design at C:/Users/Raquel/Desktop/Project_CR/projeto/palindrome_vitis_v2/mb_design_palindrome_v2/hw/mb_design_palindrome_v2.xsa
TRACE::2022-06-17.23:46:53::SCWPlatform::DSA given C:/Users/Raquel/Desktop/Project_CR/projeto/palindrome_vitis_v2/mb_design_palindrome_v2/hw/mb_design_palindrome_v2.xsa
TRACE::2022-06-17.23:46:53::SCWPlatform::DSA absoulate path C:/Users/Raquel/Desktop/Project_CR/projeto/palindrome_vitis_v2/mb_design_palindrome_v2/hw/mb_design_palindrome_v2.xsa
TRACE::2022-06-17.23:46:53::SCWPlatform::DSA directory C:/Users/Raquel/Desktop/Project_CR/projeto/palindrome_vitis_v2/mb_design_palindrome_v2/hw
TRACE::2022-06-17.23:46:53::SCWPlatform:: Platform Path C:/Users/Raquel/Desktop/Project_CR/projeto/palindrome_vitis_v2/mb_design_palindrome_v2/hw/mb_design_palindrome_v2.xsa
TRACE::2022-06-17.23:46:53::SCWPlatform:: Unique name xilinx:nexys4::0.0
TRACE::2022-06-17.23:46:53::SCWPlatform::Trying to set the existing hwdb with name mb_design_wrapper_0
TRACE::2022-06-17.23:46:53::SCWPlatform::Opened existing hwdb mb_design_wrapper_0
TRACE::2022-06-17.23:46:53::SCWPlatform::Found the Hw Db part of the input DSA
TRACE::2022-06-17.23:46:53::SCWMssOS::Checking the sw design at  C:/Users/Raquel/Desktop/Project_CR/projeto/palindrome_vitis_v2/mb_design_palindrome_v2/microblaze_0/standalone_microblaze_0/bsp/system.mss
TRACE::2022-06-17.23:46:53::SCWMssOS::DEBUG:  swdes dump  C:/Users/Raquel/Desktop/Project_CR/projeto/palindrome_vitis_v2/mb_design_palindrome_v2/microblaze_0/standalone_microblaze_0/bsp/system.mss|system||

TRACE::2022-06-17.23:46:53::SCWMssOS::Sw design exists and opened at  C:/Users/Raquel/Desktop/Project_CR/projeto/palindrome_vitis_v2/mb_design_palindrome_v2/microblaze_0/standalone_microblaze_0/bsp/system.mss
TRACE::2022-06-17.23:46:53::SCWMssOS::Saving the mss changes C:/Users/Raquel/Desktop/Project_CR/projeto/palindrome_vitis_v2/mb_design_palindrome_v2/microblaze_0/standalone_microblaze_0/bsp/system.mss
TRACE::2022-06-17.23:46:53::SCWMssOS::Found a swdesign opened with the mssfile.
TRACE::2022-06-17.23:46:53::SCWMssOS::Completed writemss as part of save.
TRACE::2022-06-17.23:46:53::SCWMssOS::Commit changes completed.
TRACE::2022-06-17.23:46:53::SCWPlatform::Trying to open the hw design at C:/Users/Raquel/Desktop/Project_CR/projeto/palindrome_vitis_v2/mb_design_palindrome_v2/hw/mb_design_palindrome_v2.xsa
TRACE::2022-06-17.23:46:53::SCWPlatform::DSA given C:/Users/Raquel/Desktop/Project_CR/projeto/palindrome_vitis_v2/mb_design_palindrome_v2/hw/mb_design_palindrome_v2.xsa
TRACE::2022-06-17.23:46:53::SCWPlatform::DSA absoulate path C:/Users/Raquel/Desktop/Project_CR/projeto/palindrome_vitis_v2/mb_design_palindrome_v2/hw/mb_design_palindrome_v2.xsa
TRACE::2022-06-17.23:46:53::SCWPlatform::DSA directory C:/Users/Raquel/Desktop/Project_CR/projeto/palindrome_vitis_v2/mb_design_palindrome_v2/hw
TRACE::2022-06-17.23:46:53::SCWPlatform:: Platform Path C:/Users/Raquel/Desktop/Project_CR/projeto/palindrome_vitis_v2/mb_design_palindrome_v2/hw/mb_design_palindrome_v2.xsa
TRACE::2022-06-17.23:46:53::SCWPlatform:: Unique name xilinx:nexys4::0.0
TRACE::2022-06-17.23:46:53::SCWPlatform::Trying to set the existing hwdb with name mb_design_wrapper_0
TRACE::2022-06-17.23:46:53::SCWPlatform::Opened existing hwdb mb_design_wrapper_0
TRACE::2022-06-17.23:46:53::SCWPlatform::Found the Hw Db part of the input DSA
TRACE::2022-06-17.23:46:53::SCWMssOS::Checking the sw design at  C:/Users/Raquel/Desktop/Project_CR/projeto/palindrome_vitis_v2/mb_design_palindrome_v2/microblaze_0/standalone_microblaze_0/bsp/system.mss
TRACE::2022-06-17.23:46:53::SCWMssOS::DEBUG:  swdes dump  C:/Users/Raquel/Desktop/Project_CR/projeto/palindrome_vitis_v2/mb_design_palindrome_v2/microblaze_0/standalone_microblaze_0/bsp/system.mss|system||

TRACE::2022-06-17.23:46:53::SCWMssOS::Sw design exists and opened at  C:/Users/Raquel/Desktop/Project_CR/projeto/palindrome_vitis_v2/mb_design_palindrome_v2/microblaze_0/standalone_microblaze_0/bsp/system.mss
TRACE::2022-06-17.23:46:53::SCWPlatform::Trying to open the hw design at C:/Users/Raquel/Desktop/Project_CR/projeto/palindrome_vitis_v2/mb_design_palindrome_v2/hw/mb_design_palindrome_v2.xsa
TRACE::2022-06-17.23:46:53::SCWPlatform::DSA given C:/Users/Raquel/Desktop/Project_CR/projeto/palindrome_vitis_v2/mb_design_palindrome_v2/hw/mb_design_palindrome_v2.xsa
TRACE::2022-06-17.23:46:53::SCWPlatform::DSA absoulate path C:/Users/Raquel/Desktop/Project_CR/projeto/palindrome_vitis_v2/mb_design_palindrome_v2/hw/mb_design_palindrome_v2.xsa
TRACE::2022-06-17.23:46:53::SCWPlatform::DSA directory C:/Users/Raquel/Desktop/Project_CR/projeto/palindrome_vitis_v2/mb_design_palindrome_v2/hw
TRACE::2022-06-17.23:46:53::SCWPlatform:: Platform Path C:/Users/Raquel/Desktop/Project_CR/projeto/palindrome_vitis_v2/mb_design_palindrome_v2/hw/mb_design_palindrome_v2.xsa
TRACE::2022-06-17.23:46:53::SCWPlatform:: Unique name xilinx:nexys4::0.0
TRACE::2022-06-17.23:46:53::SCWPlatform::Trying to set the existing hwdb with name mb_design_wrapper_0
TRACE::2022-06-17.23:46:53::SCWPlatform::Opened existing hwdb mb_design_wrapper_0
TRACE::2022-06-17.23:46:53::SCWPlatform::Found the Hw Db part of the input DSA
TRACE::2022-06-17.23:46:53::SCWMssOS::Checking the sw design at  C:/Users/Raquel/Desktop/Project_CR/projeto/palindrome_vitis_v2/mb_design_palindrome_v2/microblaze_0/standalone_microblaze_0/bsp/system.mss
TRACE::2022-06-17.23:46:53::SCWMssOS::DEBUG:  swdes dump  C:/Users/Raquel/Desktop/Project_CR/projeto/palindrome_vitis_v2/mb_design_palindrome_v2/microblaze_0/standalone_microblaze_0/bsp/system.mss|system||

TRACE::2022-06-17.23:46:53::SCWMssOS::Sw design exists and opened at  C:/Users/Raquel/Desktop/Project_CR/projeto/palindrome_vitis_v2/mb_design_palindrome_v2/microblaze_0/standalone_microblaze_0/bsp/system.mss
TRACE::2022-06-17.23:46:53::SCWPlatform::Trying to open the hw design at C:/Users/Raquel/Desktop/Project_CR/projeto/palindrome_vitis_v2/mb_design_palindrome_v2/hw/mb_design_palindrome_v2.xsa
TRACE::2022-06-17.23:46:53::SCWPlatform::DSA given C:/Users/Raquel/Desktop/Project_CR/projeto/palindrome_vitis_v2/mb_design_palindrome_v2/hw/mb_design_palindrome_v2.xsa
TRACE::2022-06-17.23:46:53::SCWPlatform::DSA absoulate path C:/Users/Raquel/Desktop/Project_CR/projeto/palindrome_vitis_v2/mb_design_palindrome_v2/hw/mb_design_palindrome_v2.xsa
TRACE::2022-06-17.23:46:53::SCWPlatform::DSA directory C:/Users/Raquel/Desktop/Project_CR/projeto/palindrome_vitis_v2/mb_design_palindrome_v2/hw
TRACE::2022-06-17.23:46:53::SCWPlatform:: Platform Path C:/Users/Raquel/Desktop/Project_CR/projeto/palindrome_vitis_v2/mb_design_palindrome_v2/hw/mb_design_palindrome_v2.xsa
TRACE::2022-06-17.23:46:53::SCWPlatform:: Unique name xilinx:nexys4::0.0
TRACE::2022-06-17.23:46:53::SCWPlatform::Trying to set the existing hwdb with name mb_design_wrapper_0
TRACE::2022-06-17.23:46:53::SCWPlatform::Opened existing hwdb mb_design_wrapper_0
TRACE::2022-06-17.23:46:53::SCWPlatform::Found the Hw Db part of the input DSA
TRACE::2022-06-17.23:46:53::SCWMssOS::Checking the sw design at  C:/Users/Raquel/Desktop/Project_CR/projeto/palindrome_vitis_v2/mb_design_palindrome_v2/microblaze_0/standalone_microblaze_0/bsp/system.mss
TRACE::2022-06-17.23:46:53::SCWMssOS::DEBUG:  swdes dump  C:/Users/Raquel/Desktop/Project_CR/projeto/palindrome_vitis_v2/mb_design_palindrome_v2/microblaze_0/standalone_microblaze_0/bsp/system.mss|system||

TRACE::2022-06-17.23:46:53::SCWMssOS::Sw design exists and opened at  C:/Users/Raquel/Desktop/Project_CR/projeto/palindrome_vitis_v2/mb_design_palindrome_v2/microblaze_0/standalone_microblaze_0/bsp/system.mss
TRACE::2022-06-17.23:46:53::SCWWriter::formatted JSON is {
	"platformName":	"mb_design_palindrome_v2",
	"sprVersion":	"2.0",
	"mode":	"gui",
	"dsaType":	"Fixed",
	"platformDesc":	"mb_design_palindrome_v2",
	"platHandOff":	"C:/Users/Raquel/Desktop/Project_CR/projeto/palindrome/mb_design_palindrome_v2.xsa",
	"platIntHandOff":	"<platformDir>/hw/mb_design_palindrome_v2.xsa",
	"deviceType":	"FPGA",
	"platIsPrebuiltAutogen":	"false",
	"platIsNoBootBsp":	"false",
	"hasFsblMakeHasChanges":	"false",
	"hasPmufwMakeHasChanges":	"false",
	"platPreBuiltFlag":	false,
	"platformSamplesDir":	"",
	"platActiveSys":	"mb_design_palindrome_v2",
	"systems":	[{
			"systemName":	"mb_design_palindrome_v2",
			"systemDesc":	"mb_design_palindrome_v2",
			"sysIsBootAutoGen":	"true",
			"systemDispName":	"mb_design_palindrome_v2",
			"sysActiveDom":	"standalone_microblaze_0",
			"sysDefaultDom":	"standalone_microblaze_0",
			"domains":	[{
					"domainName":	"standalone_microblaze_0",
					"domainDispName":	"standalone_microblaze_0",
					"domainDesc":	"standalone_microblaze_0",
					"processors":	"microblaze_0",
					"os":	"standalone",
					"sdxOs":	"standalone",
					"debugEnable":	"False",
					"domRuntimes":	["cpp"],
					"swRepo":	"",
					"mssOsVer":	"7.3",
					"mssFile":	"",
					"md5Digest":	"fb7ed2e4d128746253e13d4e26013f65",
					"compatibleApp":	"hello_world",
					"domType":	"mssDomain",
					"arch":	"32-bit",
					"appSettings":	{
						"appCompilerFlags":	"",
						"appLinkerFlags":	""
					},
					"addedLibs":	[],
					"libOptions":	{
						"libsContainingOptions":	[]
					},
					"prebuiltLibs":	{
						"prebuiltIncPath":	[],
						"prebuiltLibPath":	[]
					},
					"isolation":	{
					}
				}]
		}]
}
LOG::2022-06-17.23:46:53::SCWPlatform::Started generating the artifacts platform mb_design_palindrome_v2
TRACE::2022-06-17.23:46:53::SCWPlatform::Sanity checking of platform is completed
LOG::2022-06-17.23:46:53::SCWPlatform::Started generating the artifacts for system configuration mb_design_palindrome_v2
LOG::2022-06-17.23:46:53::SCWSystem::Started Processing the domain standalone_microblaze_0
TRACE::2022-06-17.23:46:53::SCWDomain::Generating domain artifcats
TRACE::2022-06-17.23:46:53::SCWMssOS::Generating standalone artifcats
TRACE::2022-06-17.23:46:53::SCWMssOS:: Copying the user libraries. 
TRACE::2022-06-17.23:46:53::SCWPlatform::Trying to open the hw design at C:/Users/Raquel/Desktop/Project_CR/projeto/palindrome_vitis_v2/mb_design_palindrome_v2/hw/mb_design_palindrome_v2.xsa
TRACE::2022-06-17.23:46:53::SCWPlatform::DSA given C:/Users/Raquel/Desktop/Project_CR/projeto/palindrome_vitis_v2/mb_design_palindrome_v2/hw/mb_design_palindrome_v2.xsa
TRACE::2022-06-17.23:46:53::SCWPlatform::DSA absoulate path C:/Users/Raquel/Desktop/Project_CR/projeto/palindrome_vitis_v2/mb_design_palindrome_v2/hw/mb_design_palindrome_v2.xsa
TRACE::2022-06-17.23:46:53::SCWPlatform::DSA directory C:/Users/Raquel/Desktop/Project_CR/projeto/palindrome_vitis_v2/mb_design_palindrome_v2/hw
TRACE::2022-06-17.23:46:53::SCWPlatform:: Platform Path C:/Users/Raquel/Desktop/Project_CR/projeto/palindrome_vitis_v2/mb_design_palindrome_v2/hw/mb_design_palindrome_v2.xsa
TRACE::2022-06-17.23:46:53::SCWPlatform:: Unique name xilinx:nexys4::0.0
TRACE::2022-06-17.23:46:53::SCWPlatform::Trying to set the existing hwdb with name mb_design_wrapper_0
TRACE::2022-06-17.23:46:53::SCWPlatform::Opened existing hwdb mb_design_wrapper_0
TRACE::2022-06-17.23:46:53::SCWPlatform::Found the Hw Db part of the input DSA
TRACE::2022-06-17.23:46:53::SCWMssOS::Checking the sw design at  C:/Users/Raquel/Desktop/Project_CR/projeto/palindrome_vitis_v2/mb_design_palindrome_v2/microblaze_0/standalone_microblaze_0/bsp/system.mss
TRACE::2022-06-17.23:46:53::SCWMssOS::DEBUG:  swdes dump  C:/Users/Raquel/Desktop/Project_CR/projeto/palindrome_vitis_v2/mb_design_palindrome_v2/microblaze_0/standalone_microblaze_0/bsp/system.mss|system||

TRACE::2022-06-17.23:46:53::SCWMssOS::Sw design exists and opened at  C:/Users/Raquel/Desktop/Project_CR/projeto/palindrome_vitis_v2/mb_design_palindrome_v2/microblaze_0/standalone_microblaze_0/bsp/system.mss
TRACE::2022-06-17.23:46:53::SCWMssOS::Completed writing the mss file at C:/Users/Raquel/Desktop/Project_CR/projeto/palindrome_vitis_v2/mb_design_palindrome_v2/microblaze_0/standalone_microblaze_0/bsp
TRACE::2022-06-17.23:46:53::SCWMssOS::Mss edits present, copying mssfile into export location C:/Users/Raquel/Desktop/Project_CR/projeto/palindrome_vitis_v2/mb_design_palindrome_v2/microblaze_0/standalone_microblaze_0/bsp/system.mss
TRACE::2022-06-17.23:46:53::SCWMssOS::bsp generated is upto date with the mss file. Skipping bsp generation.
TRACE::2022-06-17.23:46:53::SCWMssOS::BSP is already built. skipping the bsp build ... 
TRACE::2022-06-17.23:46:53::SCWDomain::Building the domain as part of full build :  standalone_microblaze_0
TRACE::2022-06-17.23:46:53::SCWMssOS::skipping the bsp build ... 
TRACE::2022-06-17.23:46:53::SCWMssOS::Copying to export directory.
TRACE::2022-06-17.23:46:53::SCWMssOS:: Checking if to create the Supporting Applications
TRACE::2022-06-17.23:46:53::SCWMssOS:: No Linux domain exists, trying to generate FSBL 
LOG::2022-06-17.23:46:53::SCWSystem::Completed Processing the domain standalone_microblaze_0
LOG::2022-06-17.23:46:53::SCWSystem::Completed Processing the sysconfig mb_design_palindrome_v2
LOG::2022-06-17.23:46:53::SCWPlatform::Completed generating the artifacts for system configuration mb_design_palindrome_v2
TRACE::2022-06-17.23:46:53::SCWPlatform::Started preparing the platform 
TRACE::2022-06-17.23:46:53::SCWSystem::Writing the bif file for system config mb_design_palindrome_v2
TRACE::2022-06-17.23:46:53::SCWSystem::dir created 
TRACE::2022-06-17.23:46:53::SCWSystem::Writing the bif 
TRACE::2022-06-17.23:46:53::SCWPlatform::Started writing the spfm file 
TRACE::2022-06-17.23:46:53::SCWPlatform::Started writing the xpfm file 
TRACE::2022-06-17.23:46:53::SCWPlatform::Completed generating the platform
TRACE::2022-06-17.23:46:53::SCWMssOS::Saving the mss changes C:/Users/Raquel/Desktop/Project_CR/projeto/palindrome_vitis_v2/mb_design_palindrome_v2/microblaze_0/standalone_microblaze_0/bsp/system.mss
TRACE::2022-06-17.23:46:53::SCWMssOS::Found a swdesign opened with the mssfile.
TRACE::2022-06-17.23:46:53::SCWMssOS::Completed writemss as part of save.
TRACE::2022-06-17.23:46:53::SCWMssOS::Commit changes completed.
TRACE::2022-06-17.23:46:53::SCWPlatform::Trying to open the hw design at C:/Users/Raquel/Desktop/Project_CR/projeto/palindrome_vitis_v2/mb_design_palindrome_v2/hw/mb_design_palindrome_v2.xsa
TRACE::2022-06-17.23:46:53::SCWPlatform::DSA given C:/Users/Raquel/Desktop/Project_CR/projeto/palindrome_vitis_v2/mb_design_palindrome_v2/hw/mb_design_palindrome_v2.xsa
TRACE::2022-06-17.23:46:53::SCWPlatform::DSA absoulate path C:/Users/Raquel/Desktop/Project_CR/projeto/palindrome_vitis_v2/mb_design_palindrome_v2/hw/mb_design_palindrome_v2.xsa
TRACE::2022-06-17.23:46:53::SCWPlatform::DSA directory C:/Users/Raquel/Desktop/Project_CR/projeto/palindrome_vitis_v2/mb_design_palindrome_v2/hw
TRACE::2022-06-17.23:46:53::SCWPlatform:: Platform Path C:/Users/Raquel/Desktop/Project_CR/projeto/palindrome_vitis_v2/mb_design_palindrome_v2/hw/mb_design_palindrome_v2.xsa
TRACE::2022-06-17.23:46:53::SCWPlatform:: Unique name xilinx:nexys4::0.0
TRACE::2022-06-17.23:46:53::SCWPlatform::Trying to set the existing hwdb with name mb_design_wrapper_0
TRACE::2022-06-17.23:46:53::SCWPlatform::Opened existing hwdb mb_design_wrapper_0
TRACE::2022-06-17.23:46:53::SCWPlatform::Found the Hw Db part of the input DSA
TRACE::2022-06-17.23:46:53::SCWMssOS::Checking the sw design at  C:/Users/Raquel/Desktop/Project_CR/projeto/palindrome_vitis_v2/mb_design_palindrome_v2/microblaze_0/standalone_microblaze_0/bsp/system.mss
TRACE::2022-06-17.23:46:53::SCWMssOS::DEBUG:  swdes dump  C:/Users/Raquel/Desktop/Project_CR/projeto/palindrome_vitis_v2/mb_design_palindrome_v2/microblaze_0/standalone_microblaze_0/bsp/system.mss|system||

TRACE::2022-06-17.23:46:53::SCWMssOS::Sw design exists and opened at  C:/Users/Raquel/Desktop/Project_CR/projeto/palindrome_vitis_v2/mb_design_palindrome_v2/microblaze_0/standalone_microblaze_0/bsp/system.mss
TRACE::2022-06-17.23:46:53::SCWPlatform::Trying to open the hw design at C:/Users/Raquel/Desktop/Project_CR/projeto/palindrome_vitis_v2/mb_design_palindrome_v2/hw/mb_design_palindrome_v2.xsa
TRACE::2022-06-17.23:46:53::SCWPlatform::DSA given C:/Users/Raquel/Desktop/Project_CR/projeto/palindrome_vitis_v2/mb_design_palindrome_v2/hw/mb_design_palindrome_v2.xsa
TRACE::2022-06-17.23:46:53::SCWPlatform::DSA absoulate path C:/Users/Raquel/Desktop/Project_CR/projeto/palindrome_vitis_v2/mb_design_palindrome_v2/hw/mb_design_palindrome_v2.xsa
TRACE::2022-06-17.23:46:53::SCWPlatform::DSA directory C:/Users/Raquel/Desktop/Project_CR/projeto/palindrome_vitis_v2/mb_design_palindrome_v2/hw
TRACE::2022-06-17.23:46:53::SCWPlatform:: Platform Path C:/Users/Raquel/Desktop/Project_CR/projeto/palindrome_vitis_v2/mb_design_palindrome_v2/hw/mb_design_palindrome_v2.xsa
TRACE::2022-06-17.23:46:53::SCWPlatform:: Unique name xilinx:nexys4::0.0
TRACE::2022-06-17.23:46:53::SCWPlatform::Trying to set the existing hwdb with name mb_design_wrapper_0
TRACE::2022-06-17.23:46:53::SCWPlatform::Opened existing hwdb mb_design_wrapper_0
TRACE::2022-06-17.23:46:53::SCWPlatform::Found the Hw Db part of the input DSA
TRACE::2022-06-17.23:46:53::SCWMssOS::Checking the sw design at  C:/Users/Raquel/Desktop/Project_CR/projeto/palindrome_vitis_v2/mb_design_palindrome_v2/microblaze_0/standalone_microblaze_0/bsp/system.mss
TRACE::2022-06-17.23:46:53::SCWMssOS::DEBUG:  swdes dump  C:/Users/Raquel/Desktop/Project_CR/projeto/palindrome_vitis_v2/mb_design_palindrome_v2/microblaze_0/standalone_microblaze_0/bsp/system.mss|system||

TRACE::2022-06-17.23:46:53::SCWMssOS::Sw design exists and opened at  C:/Users/Raquel/Desktop/Project_CR/projeto/palindrome_vitis_v2/mb_design_palindrome_v2/microblaze_0/standalone_microblaze_0/bsp/system.mss
TRACE::2022-06-17.23:46:53::SCWPlatform::Trying to open the hw design at C:/Users/Raquel/Desktop/Project_CR/projeto/palindrome_vitis_v2/mb_design_palindrome_v2/hw/mb_design_palindrome_v2.xsa
TRACE::2022-06-17.23:46:53::SCWPlatform::DSA given C:/Users/Raquel/Desktop/Project_CR/projeto/palindrome_vitis_v2/mb_design_palindrome_v2/hw/mb_design_palindrome_v2.xsa
TRACE::2022-06-17.23:46:53::SCWPlatform::DSA absoulate path C:/Users/Raquel/Desktop/Project_CR/projeto/palindrome_vitis_v2/mb_design_palindrome_v2/hw/mb_design_palindrome_v2.xsa
TRACE::2022-06-17.23:46:53::SCWPlatform::DSA directory C:/Users/Raquel/Desktop/Project_CR/projeto/palindrome_vitis_v2/mb_design_palindrome_v2/hw
TRACE::2022-06-17.23:46:53::SCWPlatform:: Platform Path C:/Users/Raquel/Desktop/Project_CR/projeto/palindrome_vitis_v2/mb_design_palindrome_v2/hw/mb_design_palindrome_v2.xsa
TRACE::2022-06-17.23:46:53::SCWPlatform:: Unique name xilinx:nexys4::0.0
TRACE::2022-06-17.23:46:53::SCWPlatform::Trying to set the existing hwdb with name mb_design_wrapper_0
TRACE::2022-06-17.23:46:53::SCWPlatform::Opened existing hwdb mb_design_wrapper_0
TRACE::2022-06-17.23:46:53::SCWPlatform::Found the Hw Db part of the input DSA
TRACE::2022-06-17.23:46:53::SCWMssOS::Checking the sw design at  C:/Users/Raquel/Desktop/Project_CR/projeto/palindrome_vitis_v2/mb_design_palindrome_v2/microblaze_0/standalone_microblaze_0/bsp/system.mss
TRACE::2022-06-17.23:46:53::SCWMssOS::DEBUG:  swdes dump  C:/Users/Raquel/Desktop/Project_CR/projeto/palindrome_vitis_v2/mb_design_palindrome_v2/microblaze_0/standalone_microblaze_0/bsp/system.mss|system||

TRACE::2022-06-17.23:46:53::SCWMssOS::Sw design exists and opened at  C:/Users/Raquel/Desktop/Project_CR/projeto/palindrome_vitis_v2/mb_design_palindrome_v2/microblaze_0/standalone_microblaze_0/bsp/system.mss
TRACE::2022-06-17.23:46:53::SCWWriter::formatted JSON is {
	"platformName":	"mb_design_palindrome_v2",
	"sprVersion":	"2.0",
	"mode":	"gui",
	"dsaType":	"Fixed",
	"platformDesc":	"mb_design_palindrome_v2",
	"platHandOff":	"C:/Users/Raquel/Desktop/Project_CR/projeto/palindrome/mb_design_palindrome_v2.xsa",
	"platIntHandOff":	"<platformDir>/hw/mb_design_palindrome_v2.xsa",
	"deviceType":	"FPGA",
	"platIsPrebuiltAutogen":	"false",
	"platIsNoBootBsp":	"false",
	"hasFsblMakeHasChanges":	"false",
	"hasPmufwMakeHasChanges":	"false",
	"platPreBuiltFlag":	false,
	"platformSamplesDir":	"",
	"platActiveSys":	"mb_design_palindrome_v2",
	"systems":	[{
			"systemName":	"mb_design_palindrome_v2",
			"systemDesc":	"mb_design_palindrome_v2",
			"sysIsBootAutoGen":	"true",
			"systemDispName":	"mb_design_palindrome_v2",
			"sysActiveDom":	"standalone_microblaze_0",
			"sysDefaultDom":	"standalone_microblaze_0",
			"domains":	[{
					"domainName":	"standalone_microblaze_0",
					"domainDispName":	"standalone_microblaze_0",
					"domainDesc":	"standalone_microblaze_0",
					"processors":	"microblaze_0",
					"os":	"standalone",
					"sdxOs":	"standalone",
					"debugEnable":	"False",
					"domRuntimes":	["cpp"],
					"swRepo":	"",
					"mssOsVer":	"7.3",
					"mssFile":	"",
					"md5Digest":	"fb7ed2e4d128746253e13d4e26013f65",
					"compatibleApp":	"hello_world",
					"domType":	"mssDomain",
					"arch":	"32-bit",
					"appSettings":	{
						"appCompilerFlags":	"",
						"appLinkerFlags":	""
					},
					"addedLibs":	[],
					"libOptions":	{
						"libsContainingOptions":	[]
					},
					"prebuiltLibs":	{
						"prebuiltIncPath":	[],
						"prebuiltLibPath":	[]
					},
					"isolation":	{
					}
				}]
		}]
}
KEYINFO::2022-06-17.23:46:53::SCWPlatform::updated the xpfm file.
LOG::2022-06-17.23:48:43::SCWPlatform::Started generating the artifacts platform mb_design_palindrome_v2
TRACE::2022-06-17.23:48:43::SCWPlatform::Sanity checking of platform is completed
LOG::2022-06-17.23:48:43::SCWPlatform::Started generating the artifacts for system configuration mb_design_palindrome_v2
LOG::2022-06-17.23:48:43::SCWSystem::Checking the domain standalone_microblaze_0
LOG::2022-06-17.23:48:43::SCWSystem::Not a boot domain 
LOG::2022-06-17.23:48:43::SCWSystem::Started Processing the domain standalone_microblaze_0
TRACE::2022-06-17.23:48:43::SCWDomain::Generating domain artifcats
TRACE::2022-06-17.23:48:43::SCWMssOS::Generating standalone artifcats
TRACE::2022-06-17.23:48:43::SCWMssOS:: Copying the user libraries. 
TRACE::2022-06-17.23:48:43::SCWPlatform::Trying to open the hw design at C:/Users/Raquel/Desktop/Project_CR/projeto/palindrome_vitis_v2/mb_design_palindrome_v2/hw/mb_design_palindrome_v2.xsa
TRACE::2022-06-17.23:48:43::SCWPlatform::DSA given C:/Users/Raquel/Desktop/Project_CR/projeto/palindrome_vitis_v2/mb_design_palindrome_v2/hw/mb_design_palindrome_v2.xsa
TRACE::2022-06-17.23:48:43::SCWPlatform::DSA absoulate path C:/Users/Raquel/Desktop/Project_CR/projeto/palindrome_vitis_v2/mb_design_palindrome_v2/hw/mb_design_palindrome_v2.xsa
TRACE::2022-06-17.23:48:43::SCWPlatform::DSA directory C:/Users/Raquel/Desktop/Project_CR/projeto/palindrome_vitis_v2/mb_design_palindrome_v2/hw
TRACE::2022-06-17.23:48:43::SCWPlatform:: Platform Path C:/Users/Raquel/Desktop/Project_CR/projeto/palindrome_vitis_v2/mb_design_palindrome_v2/hw/mb_design_palindrome_v2.xsa
TRACE::2022-06-17.23:48:43::SCWPlatform:: Unique name xilinx:nexys4::0.0
TRACE::2022-06-17.23:48:43::SCWPlatform::Trying to set the existing hwdb with name mb_design_wrapper_0
TRACE::2022-06-17.23:48:43::SCWPlatform::Opened existing hwdb mb_design_wrapper_0
TRACE::2022-06-17.23:48:43::SCWPlatform::Found the Hw Db part of the input DSA
TRACE::2022-06-17.23:48:43::SCWMssOS::Checking the sw design at  C:/Users/Raquel/Desktop/Project_CR/projeto/palindrome_vitis_v2/mb_design_palindrome_v2/microblaze_0/standalone_microblaze_0/bsp/system.mss
TRACE::2022-06-17.23:48:43::SCWMssOS::DEBUG:  swdes dump  C:/Users/Raquel/Desktop/Project_CR/projeto/palindrome_vitis_v2/mb_design_palindrome_v2/microblaze_0/standalone_microblaze_0/bsp/system.mss|system||

TRACE::2022-06-17.23:48:43::SCWMssOS::Sw design exists and opened at  C:/Users/Raquel/Desktop/Project_CR/projeto/palindrome_vitis_v2/mb_design_palindrome_v2/microblaze_0/standalone_microblaze_0/bsp/system.mss
TRACE::2022-06-17.23:48:43::SCWMssOS::Completed writing the mss file at C:/Users/Raquel/Desktop/Project_CR/projeto/palindrome_vitis_v2/mb_design_palindrome_v2/microblaze_0/standalone_microblaze_0/bsp
TRACE::2022-06-17.23:48:43::SCWMssOS::Mss edits present, copying mssfile into export location C:/Users/Raquel/Desktop/Project_CR/projeto/palindrome_vitis_v2/mb_design_palindrome_v2/microblaze_0/standalone_microblaze_0/bsp/system.mss
TRACE::2022-06-17.23:48:43::SCWMssOS::bsp generated is upto date with the mss file. Skipping bsp generation.
TRACE::2022-06-17.23:48:43::SCWMssOS::BSP is already built. skipping the bsp build ... 
TRACE::2022-06-17.23:48:43::SCWDomain::Building the domain as part of full build :  standalone_microblaze_0
TRACE::2022-06-17.23:48:43::SCWMssOS::doing bsp build ... 
TRACE::2022-06-17.23:48:43::SCWMssOS::System Command Ran  C: & cd  C:/Users/Raquel/Desktop/Project_CR/projeto/palindrome_vitis_v2/mb_design_palindrome_v2/microblaze_0/standalone_microblaze_0/bsp & make 
TRACE::2022-06-17.23:48:43::SCWMssOS::make --no-print-directory seq_libs

TRACE::2022-06-17.23:48:43::SCWMssOS::"Running Make include in microblaze_0/libsrc/axidma_v9_12/src"

TRACE::2022-06-17.23:48:43::SCWMssOS::make -C microblaze_0/libsrc/axidma_v9_12/src -s include  "SHELL=CMD" "COMPILER=mb-gcc" "ASSEMBLER=mb-as" "ARCHIVER=mb-ar" "COMP
TRACE::2022-06-17.23:48:43::SCWMssOS::ILER_FLAGS=  -O2 -c -mcpu=v11.0 -mlittle-endian -mxl-soft-mul" "EXTRA_COMPILER_FLAGS=-g -ffunction-sections -fdata-sections -Wa
TRACE::2022-06-17.23:48:43::SCWMssOS::ll -Wextra"

TRACE::2022-06-17.23:48:44::SCWMssOS::"Running Make include in microblaze_0/libsrc/bram_v4_5/src"

TRACE::2022-06-17.23:48:44::SCWMssOS::make -C microblaze_0/libsrc/bram_v4_5/src -s include  "SHELL=CMD" "COMPILER=mb-gcc" "ASSEMBLER=mb-as" "ARCHIVER=mb-ar" "COMPILE
TRACE::2022-06-17.23:48:44::SCWMssOS::R_FLAGS=  -O2 -c -mcpu=v11.0 -mlittle-endian -mxl-soft-mul" "EXTRA_COMPILER_FLAGS=-g -ffunction-sections -fdata-sections -Wall 
TRACE::2022-06-17.23:48:44::SCWMssOS::-Wextra"

TRACE::2022-06-17.23:48:44::SCWMssOS::"Running Make include in microblaze_0/libsrc/CheckPalindrome_v1_0/src"

TRACE::2022-06-17.23:48:44::SCWMssOS::make -C microblaze_0/libsrc/CheckPalindrome_v1_0/src -s include  "SHELL=CMD" "COMPILER=mb-gcc" "ASSEMBLER=mb-as" "ARCHIVER=mb-a
TRACE::2022-06-17.23:48:44::SCWMssOS::r" "COMPILER_FLAGS=  -O2 -c -mcpu=v11.0 -mlittle-endian -mxl-soft-mul" "EXTRA_COMPILER_FLAGS=-g -ffunction-sections -fdata-sect
TRACE::2022-06-17.23:48:44::SCWMssOS::ions -Wall -Wextra"

TRACE::2022-06-17.23:48:44::SCWMssOS::"Running Make include in microblaze_0/libsrc/cpu_v2_12/src"

TRACE::2022-06-17.23:48:44::SCWMssOS::make -C microblaze_0/libsrc/cpu_v2_12/src -s include  "SHELL=CMD" "COMPILER=mb-gcc" "ASSEMBLER=mb-as" "ARCHIVER=mb-ar" "COMPILE
TRACE::2022-06-17.23:48:44::SCWMssOS::R_FLAGS=  -O2 -c -mcpu=v11.0 -mlittle-endian -mxl-soft-mul" "EXTRA_COMPILER_FLAGS=-g -ffunction-sections -fdata-sections -Wall 
TRACE::2022-06-17.23:48:44::SCWMssOS::-Wextra"

TRACE::2022-06-17.23:48:44::SCWMssOS::"Running Make include in microblaze_0/libsrc/gpio_v4_7/src"

TRACE::2022-06-17.23:48:44::SCWMssOS::make -C microblaze_0/libsrc/gpio_v4_7/src -s include  "SHELL=CMD" "COMPILER=mb-gcc" "ASSEMBLER=mb-as" "ARCHIVER=mb-ar" "COMPILE
TRACE::2022-06-17.23:48:44::SCWMssOS::R_FLAGS=  -O2 -c -mcpu=v11.0 -mlittle-endian -mxl-soft-mul" "EXTRA_COMPILER_FLAGS=-g -ffunction-sections -fdata-sections -Wall 
TRACE::2022-06-17.23:48:44::SCWMssOS::-Wextra"

TRACE::2022-06-17.23:48:44::SCWMssOS::"Running Make include in microblaze_0/libsrc/intc_v3_12/src"

TRACE::2022-06-17.23:48:44::SCWMssOS::make -C microblaze_0/libsrc/intc_v3_12/src -s include  "SHELL=CMD" "COMPILER=mb-gcc" "ASSEMBLER=mb-as" "ARCHIVER=mb-ar" "COMPIL
TRACE::2022-06-17.23:48:44::SCWMssOS::ER_FLAGS=  -O2 -c -mcpu=v11.0 -mlittle-endian -mxl-soft-mul" "EXTRA_COMPILER_FLAGS=-g -ffunction-sections -fdata-sections -Wall
TRACE::2022-06-17.23:48:44::SCWMssOS:: -Wextra"

TRACE::2022-06-17.23:48:44::SCWMssOS::"Running Make include in microblaze_0/libsrc/standalone_v7_3/src"

TRACE::2022-06-17.23:48:44::SCWMssOS::make -C microblaze_0/libsrc/standalone_v7_3/src -s include  "SHELL=CMD" "COMPILER=mb-gcc" "ASSEMBLER=mb-as" "ARCHIVER=mb-ar" "C
TRACE::2022-06-17.23:48:44::SCWMssOS::OMPILER_FLAGS=  -O2 -c -mcpu=v11.0 -mlittle-endian -mxl-soft-mul" "EXTRA_COMPILER_FLAGS=-g -ffunction-sections -fdata-sections 
TRACE::2022-06-17.23:48:44::SCWMssOS::-Wall -Wextra"

TRACE::2022-06-17.23:48:46::SCWMssOS::"Running Make include in microblaze_0/libsrc/tmrctr_v4_7/src"

TRACE::2022-06-17.23:48:46::SCWMssOS::make -C microblaze_0/libsrc/tmrctr_v4_7/src -s include  "SHELL=CMD" "COMPILER=mb-gcc" "ASSEMBLER=mb-as" "ARCHIVER=mb-ar" "COMPI
TRACE::2022-06-17.23:48:46::SCWMssOS::LER_FLAGS=  -O2 -c -mcpu=v11.0 -mlittle-endian -mxl-soft-mul" "EXTRA_COMPILER_FLAGS=-g -ffunction-sections -fdata-sections -Wal
TRACE::2022-06-17.23:48:46::SCWMssOS::l -Wextra"

TRACE::2022-06-17.23:48:46::SCWMssOS::"Running Make include in microblaze_0/libsrc/uartlite_v3_5/src"

TRACE::2022-06-17.23:48:46::SCWMssOS::make -C microblaze_0/libsrc/uartlite_v3_5/src -s include  "SHELL=CMD" "COMPILER=mb-gcc" "ASSEMBLER=mb-as" "ARCHIVER=mb-ar" "COM
TRACE::2022-06-17.23:48:46::SCWMssOS::PILER_FLAGS=  -O2 -c -mcpu=v11.0 -mlittle-endian -mxl-soft-mul" "EXTRA_COMPILER_FLAGS=-g -ffunction-sections -fdata-sections -W
TRACE::2022-06-17.23:48:46::SCWMssOS::all -Wextra"

TRACE::2022-06-17.23:48:46::SCWMssOS::"Running Make libs in microblaze_0/libsrc/CheckPalindrome_v1_0/src"

TRACE::2022-06-17.23:48:46::SCWMssOS::make -C microblaze_0/libsrc/CheckPalindrome_v1_0/src -s libs  "SHELL=CMD" "COMPILER=mb-gcc" "ASSEMBLER=mb-as" "ARCHIVER=mb-ar" 
TRACE::2022-06-17.23:48:46::SCWMssOS::"COMPILER_FLAGS=  -O2 -c -mcpu=v11.0 -mlittle-endian -mxl-soft-mul" "EXTRA_COMPILER_FLAGS=-g -ffunction-sections -fdata-section
TRACE::2022-06-17.23:48:46::SCWMssOS::s -Wall -Wextra"

TRACE::2022-06-17.23:48:46::SCWMssOS::"Compiling CheckPalindrome..."

TRACE::2022-06-17.23:48:46::SCWMssOS::'Finished building libraries sequentially.'

TRACE::2022-06-17.23:48:46::SCWMssOS::make -j --no-print-directory par_libs

TRACE::2022-06-17.23:48:46::SCWMssOS::"Running Make include in microblaze_0/libsrc/axidma_v9_12/src"

TRACE::2022-06-17.23:48:46::SCWMssOS::make -C microblaze_0/libsrc/axidma_v9_12/src -s include  "SHELL=CMD" "COMPILER=mb-gcc" "ASSEMBLER=mb-as" "ARCHIVER=mb-ar" "COMP
TRACE::2022-06-17.23:48:46::SCWMssOS::ILER_FLAGS=  -O2 -c -mcpu=v11.0 -mlittle-endian -mxl-soft-mul" "EXTRA_COMPILER_FLAGS=-g -ffunction-sections -fdata-sections -Wa
TRACE::2022-06-17.23:48:46::SCWMssOS::ll -Wextra"

TRACE::2022-06-17.23:48:46::SCWMssOS::"Running Make include in microblaze_0/libsrc/bram_v4_5/src"

TRACE::2022-06-17.23:48:46::SCWMssOS::make -C microblaze_0/libsrc/bram_v4_5/src -s include  "SHELL=CMD" "COMPILER=mb-gcc" "ASSEMBLER=mb-as" "ARCHIVER=mb-ar" "COMPILE
TRACE::2022-06-17.23:48:46::SCWMssOS::R_FLAGS=  -O2 -c -mcpu=v11.0 -mlittle-endian -mxl-soft-mul" "EXTRA_COMPILER_FLAGS=-g -ffunction-sections -fdata-sections -Wall 
TRACE::2022-06-17.23:48:46::SCWMssOS::-Wextra"

TRACE::2022-06-17.23:48:46::SCWMssOS::"Running Make include in microblaze_0/libsrc/CheckPalindrome_v1_0/src"

TRACE::2022-06-17.23:48:46::SCWMssOS::make -C microblaze_0/libsrc/CheckPalindrome_v1_0/src -s include  "SHELL=CMD" "COMPILER=mb-gcc" "ASSEMBLER=mb-as" "ARCHIVER=mb-a
TRACE::2022-06-17.23:48:46::SCWMssOS::r" "COMPILER_FLAGS=  -O2 -c -mcpu=v11.0 -mlittle-endian -mxl-soft-mul" "EXTRA_COMPILER_FLAGS=-g -ffunction-sections -fdata-sect
TRACE::2022-06-17.23:48:46::SCWMssOS::ions -Wall -Wextra"

TRACE::2022-06-17.23:48:46::SCWMssOS::"Running Make include in microblaze_0/libsrc/cpu_v2_12/src"

TRACE::2022-06-17.23:48:46::SCWMssOS::make -C microblaze_0/libsrc/cpu_v2_12/src -s include  "SHELL=CMD" "COMPILER=mb-gcc" "ASSEMBLER=mb-as" "ARCHIVER=mb-ar" "COMPILE
TRACE::2022-06-17.23:48:46::SCWMssOS::R_FLAGS=  -O2 -c -mcpu=v11.0 -mlittle-endian -mxl-soft-mul" "EXTRA_COMPILER_FLAGS=-g -ffunction-sections -fdata-sections -Wall 
TRACE::2022-06-17.23:48:46::SCWMssOS::-Wextra"

TRACE::2022-06-17.23:48:46::SCWMssOS::"Running Make include in microblaze_0/libsrc/gpio_v4_7/src"

TRACE::2022-06-17.23:48:46::SCWMssOS::make -C microblaze_0/libsrc/gpio_v4_7/src -s include  "SHELL=CMD" "COMPILER=mb-gcc" "ASSEMBLER=mb-as" "ARCHIVER=mb-ar" "COMPILE
TRACE::2022-06-17.23:48:46::SCWMssOS::R_FLAGS=  -O2 -c -mcpu=v11.0 -mlittle-endian -mxl-soft-mul" "EXTRA_COMPILER_FLAGS=-g -ffunction-sections -fdata-sections -Wall 
TRACE::2022-06-17.23:48:46::SCWMssOS::-Wextra"

TRACE::2022-06-17.23:48:46::SCWMssOS::"Running Make include in microblaze_0/libsrc/intc_v3_12/src"

TRACE::2022-06-17.23:48:46::SCWMssOS::"Running Make include in microblaze_0/libsrc/standalone_v7_3/src"

TRACE::2022-06-17.23:48:46::SCWMssOS::make -C microblaze_0/libsrc/intc_v3_12/src -s include  "SHELL=CMD" "COMPILER=mb-gcc" "ASSEMBLER=mb-as" "ARCHIVER=mb-ar" "COMPIL
TRACE::2022-06-17.23:48:46::SCWMssOS::ER_FLAGS=  -O2 -c -mcpu=v11.0 -mlittle-endian -mxl-soft-mul" "EXTRA_COMPILER_FLAGS=-g -ffunction-sections -fdata-sections -Wall
TRACE::2022-06-17.23:48:46::SCWMssOS:: -Wextra"

TRACE::2022-06-17.23:48:46::SCWMssOS::make -C microblaze_0/libsrc/standalone_v7_3/src -s include  "SHELL=CMD" "COMPILER=mb-gcc" "ASSEMBLER=mb-as" "ARCHIVER=mb-ar" "C
TRACE::2022-06-17.23:48:46::SCWMssOS::OMPILER_FLAGS=  -O2 -c -mcpu=v11.0 -mlittle-endian -mxl-soft-mul" "EXTRA_COMPILER_FLAGS=-g -ffunction-sections -fdata-sections 
TRACE::2022-06-17.23:48:46::SCWMssOS::-Wall -Wextra"

TRACE::2022-06-17.23:48:46::SCWMssOS::"Running Make include in microblaze_0/libsrc/tmrctr_v4_7/src"

TRACE::2022-06-17.23:48:46::SCWMssOS::make -C microblaze_0/libsrc/tmrctr_v4_7/src -s include  "SHELL=CMD" "COMPILER=mb-gcc" "ASSEMBLER=mb-as" "ARCHIVER=mb-ar" "COMPI
TRACE::2022-06-17.23:48:46::SCWMssOS::LER_FLAGS=  -O2 -c -mcpu=v11.0 -mlittle-endian -mxl-soft-mul" "EXTRA_COMPILER_FLAGS=-g -ffunction-sections -fdata-sections -Wal
TRACE::2022-06-17.23:48:46::SCWMssOS::l -Wextra"

TRACE::2022-06-17.23:48:46::SCWMssOS::"Running Make include in microblaze_0/libsrc/uartlite_v3_5/src"

TRACE::2022-06-17.23:48:46::SCWMssOS::make -C microblaze_0/libsrc/uartlite_v3_5/src -s include  "SHELL=CMD" "COMPILER=mb-gcc" "ASSEMBLER=mb-as" "ARCHIVER=mb-ar" "COM
TRACE::2022-06-17.23:48:46::SCWMssOS::PILER_FLAGS=  -O2 -c -mcpu=v11.0 -mlittle-endian -mxl-soft-mul" "EXTRA_COMPILER_FLAGS=-g -ffunction-sections -fdata-sections -W
TRACE::2022-06-17.23:48:46::SCWMssOS::all -Wextra"

TRACE::2022-06-17.23:48:47::SCWMssOS::"Running Make libs in microblaze_0/libsrc/axidma_v9_12/src"

TRACE::2022-06-17.23:48:47::SCWMssOS::make -C microblaze_0/libsrc/axidma_v9_12/src -s libs  "SHELL=CMD" "COMPILER=mb-gcc" "ASSEMBLER=mb-as" "ARCHIVER=mb-ar" "COMPILE
TRACE::2022-06-17.23:48:47::SCWMssOS::R_FLAGS=  -O2 -c -mcpu=v11.0 -mlittle-endian -mxl-soft-mul" "EXTRA_COMPILER_FLAGS=-g -ffunction-sections -fdata-sections -Wall 
TRACE::2022-06-17.23:48:47::SCWMssOS::-Wextra"

TRACE::2022-06-17.23:48:47::SCWMssOS::"Running Make libs in microblaze_0/libsrc/bram_v4_5/src"

TRACE::2022-06-17.23:48:47::SCWMssOS::"Running Make libs in microblaze_0/libsrc/cpu_v2_12/src"

TRACE::2022-06-17.23:48:47::SCWMssOS::make -C microblaze_0/libsrc/bram_v4_5/src -s libs  "SHELL=CMD" "COMPILER=mb-gcc" "ASSEMBLER=mb-as" "ARCHIVER=mb-ar" "COMPILER_F
TRACE::2022-06-17.23:48:47::SCWMssOS::LAGS=  -O2 -c -mcpu=v11.0 -mlittle-endian -mxl-soft-mul" "EXTRA_COMPILER_FLAGS=-g -ffunction-sections -fdata-sections -Wall -We
TRACE::2022-06-17.23:48:47::SCWMssOS::xtra"

TRACE::2022-06-17.23:48:47::SCWMssOS::make -C microblaze_0/libsrc/cpu_v2_12/src -s libs  "SHELL=CMD" "COMPILER=mb-gcc" "ASSEMBLER=mb-as" "ARCHIVER=mb-ar" "COMPILER_F
TRACE::2022-06-17.23:48:47::SCWMssOS::LAGS=  -O2 -c -mcpu=v11.0 -mlittle-endian -mxl-soft-mul" "EXTRA_COMPILER_FLAGS=-g -ffunction-sections -fdata-sections -Wall -We
TRACE::2022-06-17.23:48:47::SCWMssOS::xtra"

TRACE::2022-06-17.23:48:47::SCWMssOS::"Running Make libs in microblaze_0/libsrc/gpio_v4_7/src"

TRACE::2022-06-17.23:48:47::SCWMssOS::make -C microblaze_0/libsrc/gpio_v4_7/src -s libs  "SHELL=CMD" "COMPILER=mb-gcc" "ASSEMBLER=mb-as" "ARCHIVER=mb-ar" "COMPILER_F
TRACE::2022-06-17.23:48:47::SCWMssOS::LAGS=  -O2 -c -mcpu=v11.0 -mlittle-endian -mxl-soft-mul" "EXTRA_COMPILER_FLAGS=-g -ffunction-sections -fdata-sections -Wall -We
TRACE::2022-06-17.23:48:47::SCWMssOS::xtra"

TRACE::2022-06-17.23:48:47::SCWMssOS::"Running Make libs in microblaze_0/libsrc/intc_v3_12/src"

TRACE::2022-06-17.23:48:47::SCWMssOS::make -C microblaze_0/libsrc/intc_v3_12/src -s libs  "SHELL=CMD" "COMPILER=mb-gcc" "ASSEMBLER=mb-as" "ARCHIVER=mb-ar" "COMPILER_
TRACE::2022-06-17.23:48:47::SCWMssOS::FLAGS=  -O2 -c -mcpu=v11.0 -mlittle-endian -mxl-soft-mul" "EXTRA_COMPILER_FLAGS=-g -ffunction-sections -fdata-sections -Wall -W
TRACE::2022-06-17.23:48:47::SCWMssOS::extra"

TRACE::2022-06-17.23:48:47::SCWMssOS::"Running Make libs in microblaze_0/libsrc/standalone_v7_3/src"

TRACE::2022-06-17.23:48:47::SCWMssOS::"Running Make libs in microblaze_0/libsrc/tmrctr_v4_7/src"

TRACE::2022-06-17.23:48:47::SCWMssOS::make -C microblaze_0/libsrc/standalone_v7_3/src -s libs  "SHELL=CMD" "COMPILER=mb-gcc" "ASSEMBLER=mb-as" "ARCHIVER=mb-ar" "COMP
TRACE::2022-06-17.23:48:47::SCWMssOS::ILER_FLAGS=  -O2 -c -mcpu=v11.0 -mlittle-endian -mxl-soft-mul" "EXTRA_COMPILER_FLAGS=-g -ffunction-sections -fdata-sections -Wa
TRACE::2022-06-17.23:48:47::SCWMssOS::ll -Wextra"

TRACE::2022-06-17.23:48:47::SCWMssOS::make -C microblaze_0/libsrc/tmrctr_v4_7/src -s libs  "SHELL=CMD" "COMPILER=mb-gcc" "ASSEMBLER=mb-as" "ARCHIVER=mb-ar" "COMPILER
TRACE::2022-06-17.23:48:47::SCWMssOS::_FLAGS=  -O2 -c -mcpu=v11.0 -mlittle-endian -mxl-soft-mul" "EXTRA_COMPILER_FLAGS=-g -ffunction-sections -fdata-sections -Wall -
TRACE::2022-06-17.23:48:47::SCWMssOS::Wextra"

TRACE::2022-06-17.23:48:47::SCWMssOS::"Running Make libs in microblaze_0/libsrc/uartlite_v3_5/src"

TRACE::2022-06-17.23:48:47::SCWMssOS::make -C microblaze_0/libsrc/uartlite_v3_5/src -s libs  "SHELL=CMD" "COMPILER=mb-gcc" "ASSEMBLER=mb-as" "ARCHIVER=mb-ar" "COMPIL
TRACE::2022-06-17.23:48:47::SCWMssOS::ER_FLAGS=  -O2 -c -mcpu=v11.0 -mlittle-endian -mxl-soft-mul" "EXTRA_COMPILER_FLAGS=-g -ffunction-sections -fdata-sections -Wall
TRACE::2022-06-17.23:48:47::SCWMssOS:: -Wextra"

TRACE::2022-06-17.23:48:50::SCWMssOS::"DEBUG NON_LTO_OBJECTS is ../../../lib/microblaze_interrupt_handler.o"

TRACE::2022-06-17.23:48:50::SCWMssOS::'Finished building libraries parallelly.'

TRACE::2022-06-17.23:48:50::SCWMssOS::make --no-print-directory archive

TRACE::2022-06-17.23:48:50::SCWMssOS::mb-ar -r  microblaze_0/lib/libxil.a microblaze_0/lib/xplatform_info.o microblaze_0/lib/xuartlite.o microblaze_0/lib/microblaze_
TRACE::2022-06-17.23:48:50::SCWMssOS::disable_exceptions.o microblaze_0/lib/xil_mem.o microblaze_0/lib/xtmrctr_options.o microblaze_0/lib/_exit.o microblaze_0/lib/xi
TRACE::2022-06-17.23:48:50::SCWMssOS::l_testio.o microblaze_0/lib/microblaze_disable_dcache.o microblaze_0/lib/microblaze_flush_dcache_range.o microblaze_0/lib/micro
TRACE::2022-06-17.23:48:50::SCWMssOS::blaze_flush_cache_ext.o microblaze_0/lib/xil_misc_psreset_api.o microblaze_0/lib/xil_cache.o microblaze_0/lib/xil_util.o microb
TRACE::2022-06-17.23:48:50::SCWMssOS::laze_0/lib/inbyte.o microblaze_0/lib/xuartlite_stats.o microblaze_0/lib/microblaze_exception_handler.o microblaze_0/lib/print.o
TRACE::2022-06-17.23:48:50::SCWMssOS:: microblaze_0/lib/xbram_sinit.o microblaze_0/lib/microblaze_scrub.o microblaze_0/lib/microblaze_invalidate_dcache.o microblaze_
TRACE::2022-06-17.23:48:50::SCWMssOS::0/lib/microblaze_disable_interrupts.o microblaze_0/lib/xbram_selftest.o microblaze_0/lib/microblaze_interrupt_handler.o microbl
TRACE::2022-06-17.23:48:50::SCWMssOS::aze_0/lib/microblaze_disable_icache.o microblaze_0/lib/xaxidma_sinit.o microblaze_0/lib/xgpio_g.o microblaze_0/lib/xaxidma_self
TRACE::2022-06-17.23:48:50::SCWMssOS::test.o microblaze_0/lib/xuartlite_intr.o microblaze_0/lib/microblaze_flush_cache_ext_range.o microblaze_0/lib/xaxidma_bd.o micr
TRACE::2022-06-17.23:48:50::SCWMssOS::oblaze_0/lib/xtmrctr_intr.o microblaze_0/lib/xbram_intr.o microblaze_0/lib/xil_sleepcommon.o microblaze_0/lib/xil_printf.o micr
TRACE::2022-06-17.23:48:50::SCWMssOS::oblaze_0/lib/xintc_g.o microblaze_0/lib/xuartlite_g.o microblaze_0/lib/xbram_g.o microblaze_0/lib/xtmrctr_l.o microblaze_0/lib/
TRACE::2022-06-17.23:48:50::SCWMssOS::xintc_selftest.o microblaze_0/lib/xintc_l.o microblaze_0/lib/outbyte.o microblaze_0/lib/xgpio_extra.o microblaze_0/lib/xgpio_in
TRACE::2022-06-17.23:48:50::SCWMssOS::tr.o microblaze_0/lib/microblaze_invalidate_dcache_range.o microblaze_0/lib/microblaze_invalidate_cache_ext.o microblaze_0/lib/
TRACE::2022-06-17.23:48:50::SCWMssOS::microblaze_sleep.o microblaze_0/lib/xuartlite_sinit.o microblaze_0/lib/hw_exception_handler.o microblaze_0/lib/xtmrctr.o microb
TRACE::2022-06-17.23:48:50::SCWMssOS::laze_0/lib/xuartlite_selftest.o microblaze_0/lib/xgpio_sinit.o microblaze_0/lib/microblaze_update_dcache.o microblaze_0/lib/xax
TRACE::2022-06-17.23:48:50::SCWMssOS::idma_g.o microblaze_0/lib/xil_testcache.o microblaze_0/lib/microblaze_selftest.o microblaze_0/lib/microblaze_interrupts_g.o mic
TRACE::2022-06-17.23:48:50::SCWMssOS::roblaze_0/lib/microblaze_enable_exceptions.o microblaze_0/lib/xio.o microblaze_0/lib/xtmrctr_g.o microblaze_0/lib/microblaze_en
TRACE::2022-06-17.23:48:50::SCWMssOS::able_dcache.o microblaze_0/lib/xbram.o microblaze_0/lib/microblaze_invalidate_icache_range.o microblaze_0/lib/xtmrctr_selftest.
TRACE::2022-06-17.23:48:50::SCWMssOS::o microblaze_0/lib/microblaze_init_dcache_range.o microblaze_0/lib/microblaze_invalidate_icache.o microblaze_0/lib/xaxidma.o mi
TRACE::2022-06-17.23:48:50::SCWMssOS::croblaze_0/lib/errno.o microblaze_0/lib/xuartlite_l.o microblaze_0/lib/xintc_options.o microblaze_0/lib/microblaze_invalidate_c
TRACE::2022-06-17.23:48:50::SCWMssOS::ache_ext_range.o microblaze_0/lib/xintc_intr.o microblaze_0/lib/xil_exception.o microblaze_0/lib/pvr.o microblaze_0/lib/xgpio.o
TRACE::2022-06-17.23:48:50::SCWMssOS:: microblaze_0/lib/xil_testmem.o microblaze_0/lib/microblaze_update_icache.o microblaze_0/lib/microblaze_flush_dcache.o microbla
TRACE::2022-06-17.23:48:50::SCWMssOS::ze_0/lib/xil_clocking.o microblaze_0/lib/xil_assert.o microblaze_0/lib/microblaze_enable_interrupts.o microblaze_0/lib/microbla
TRACE::2022-06-17.23:48:50::SCWMssOS::ze_enable_icache.o microblaze_0/lib/xintc.o microblaze_0/lib/xtmrctr_stats.o microblaze_0/lib/microblaze_init_icache_range.o mi
TRACE::2022-06-17.23:48:50::SCWMssOS::croblaze_0/lib/xaxidma_bdring.o microblaze_0/lib/xtmrctr_sinit.o microblaze_0/lib/fcntl.o microblaze_0/lib/xgpio_selftest.o

TRACE::2022-06-17.23:48:51::SCWMssOS::'Finished building libraries'

TRACE::2022-06-17.23:48:51::SCWMssOS::Copying to export directory.
TRACE::2022-06-17.23:48:51::SCWMssOS:: Checking if to create the Supporting Applications
TRACE::2022-06-17.23:48:51::SCWMssOS:: No Linux domain exists, trying to generate FSBL 
LOG::2022-06-17.23:48:51::SCWSystem::Completed Processing the domain standalone_microblaze_0
LOG::2022-06-17.23:48:51::SCWSystem::Completed Processing the sysconfig mb_design_palindrome_v2
LOG::2022-06-17.23:48:51::SCWPlatform::Completed generating the artifacts for system configuration mb_design_palindrome_v2
TRACE::2022-06-17.23:48:51::SCWPlatform::Started preparing the platform 
TRACE::2022-06-17.23:48:51::SCWSystem::Writing the bif file for system config mb_design_palindrome_v2
TRACE::2022-06-17.23:48:51::SCWSystem::dir created 
TRACE::2022-06-17.23:48:51::SCWSystem::Writing the bif 
TRACE::2022-06-17.23:48:51::SCWPlatform::Started writing the spfm file 
TRACE::2022-06-17.23:48:51::SCWPlatform::Started writing the xpfm file 
TRACE::2022-06-17.23:48:51::SCWPlatform::Completed generating the platform
TRACE::2022-06-17.23:48:51::SCWMssOS::Saving the mss changes C:/Users/Raquel/Desktop/Project_CR/projeto/palindrome_vitis_v2/mb_design_palindrome_v2/microblaze_0/standalone_microblaze_0/bsp/system.mss
TRACE::2022-06-17.23:48:51::SCWMssOS::Found a swdesign opened with the mssfile.
TRACE::2022-06-17.23:48:51::SCWMssOS::Completed writemss as part of save.
TRACE::2022-06-17.23:48:51::SCWMssOS::Commit changes completed.
TRACE::2022-06-17.23:48:51::SCWPlatform::Trying to open the hw design at C:/Users/Raquel/Desktop/Project_CR/projeto/palindrome_vitis_v2/mb_design_palindrome_v2/hw/mb_design_palindrome_v2.xsa
TRACE::2022-06-17.23:48:51::SCWPlatform::DSA given C:/Users/Raquel/Desktop/Project_CR/projeto/palindrome_vitis_v2/mb_design_palindrome_v2/hw/mb_design_palindrome_v2.xsa
TRACE::2022-06-17.23:48:51::SCWPlatform::DSA absoulate path C:/Users/Raquel/Desktop/Project_CR/projeto/palindrome_vitis_v2/mb_design_palindrome_v2/hw/mb_design_palindrome_v2.xsa
TRACE::2022-06-17.23:48:51::SCWPlatform::DSA directory C:/Users/Raquel/Desktop/Project_CR/projeto/palindrome_vitis_v2/mb_design_palindrome_v2/hw
TRACE::2022-06-17.23:48:51::SCWPlatform:: Platform Path C:/Users/Raquel/Desktop/Project_CR/projeto/palindrome_vitis_v2/mb_design_palindrome_v2/hw/mb_design_palindrome_v2.xsa
TRACE::2022-06-17.23:48:51::SCWPlatform:: Unique name xilinx:nexys4::0.0
TRACE::2022-06-17.23:48:51::SCWPlatform::Trying to set the existing hwdb with name mb_design_wrapper_0
TRACE::2022-06-17.23:48:51::SCWPlatform::Opened existing hwdb mb_design_wrapper_0
TRACE::2022-06-17.23:48:51::SCWPlatform::Found the Hw Db part of the input DSA
TRACE::2022-06-17.23:48:51::SCWMssOS::Checking the sw design at  C:/Users/Raquel/Desktop/Project_CR/projeto/palindrome_vitis_v2/mb_design_palindrome_v2/microblaze_0/standalone_microblaze_0/bsp/system.mss
TRACE::2022-06-17.23:48:51::SCWMssOS::DEBUG:  swdes dump  C:/Users/Raquel/Desktop/Project_CR/projeto/palindrome_vitis_v2/mb_design_palindrome_v2/microblaze_0/standalone_microblaze_0/bsp/system.mss|system||

TRACE::2022-06-17.23:48:51::SCWMssOS::Sw design exists and opened at  C:/Users/Raquel/Desktop/Project_CR/projeto/palindrome_vitis_v2/mb_design_palindrome_v2/microblaze_0/standalone_microblaze_0/bsp/system.mss
TRACE::2022-06-17.23:48:51::SCWPlatform::Trying to open the hw design at C:/Users/Raquel/Desktop/Project_CR/projeto/palindrome_vitis_v2/mb_design_palindrome_v2/hw/mb_design_palindrome_v2.xsa
TRACE::2022-06-17.23:48:51::SCWPlatform::DSA given C:/Users/Raquel/Desktop/Project_CR/projeto/palindrome_vitis_v2/mb_design_palindrome_v2/hw/mb_design_palindrome_v2.xsa
TRACE::2022-06-17.23:48:51::SCWPlatform::DSA absoulate path C:/Users/Raquel/Desktop/Project_CR/projeto/palindrome_vitis_v2/mb_design_palindrome_v2/hw/mb_design_palindrome_v2.xsa
TRACE::2022-06-17.23:48:51::SCWPlatform::DSA directory C:/Users/Raquel/Desktop/Project_CR/projeto/palindrome_vitis_v2/mb_design_palindrome_v2/hw
TRACE::2022-06-17.23:48:51::SCWPlatform:: Platform Path C:/Users/Raquel/Desktop/Project_CR/projeto/palindrome_vitis_v2/mb_design_palindrome_v2/hw/mb_design_palindrome_v2.xsa
TRACE::2022-06-17.23:48:51::SCWPlatform:: Unique name xilinx:nexys4::0.0
TRACE::2022-06-17.23:48:51::SCWPlatform::Trying to set the existing hwdb with name mb_design_wrapper_0
TRACE::2022-06-17.23:48:51::SCWPlatform::Opened existing hwdb mb_design_wrapper_0
TRACE::2022-06-17.23:48:51::SCWPlatform::Found the Hw Db part of the input DSA
TRACE::2022-06-17.23:48:51::SCWMssOS::Checking the sw design at  C:/Users/Raquel/Desktop/Project_CR/projeto/palindrome_vitis_v2/mb_design_palindrome_v2/microblaze_0/standalone_microblaze_0/bsp/system.mss
TRACE::2022-06-17.23:48:51::SCWMssOS::DEBUG:  swdes dump  C:/Users/Raquel/Desktop/Project_CR/projeto/palindrome_vitis_v2/mb_design_palindrome_v2/microblaze_0/standalone_microblaze_0/bsp/system.mss|system||

TRACE::2022-06-17.23:48:51::SCWMssOS::Sw design exists and opened at  C:/Users/Raquel/Desktop/Project_CR/projeto/palindrome_vitis_v2/mb_design_palindrome_v2/microblaze_0/standalone_microblaze_0/bsp/system.mss
TRACE::2022-06-17.23:48:51::SCWPlatform::Trying to open the hw design at C:/Users/Raquel/Desktop/Project_CR/projeto/palindrome_vitis_v2/mb_design_palindrome_v2/hw/mb_design_palindrome_v2.xsa
TRACE::2022-06-17.23:48:51::SCWPlatform::DSA given C:/Users/Raquel/Desktop/Project_CR/projeto/palindrome_vitis_v2/mb_design_palindrome_v2/hw/mb_design_palindrome_v2.xsa
TRACE::2022-06-17.23:48:51::SCWPlatform::DSA absoulate path C:/Users/Raquel/Desktop/Project_CR/projeto/palindrome_vitis_v2/mb_design_palindrome_v2/hw/mb_design_palindrome_v2.xsa
TRACE::2022-06-17.23:48:51::SCWPlatform::DSA directory C:/Users/Raquel/Desktop/Project_CR/projeto/palindrome_vitis_v2/mb_design_palindrome_v2/hw
TRACE::2022-06-17.23:48:51::SCWPlatform:: Platform Path C:/Users/Raquel/Desktop/Project_CR/projeto/palindrome_vitis_v2/mb_design_palindrome_v2/hw/mb_design_palindrome_v2.xsa
TRACE::2022-06-17.23:48:51::SCWPlatform:: Unique name xilinx:nexys4::0.0
TRACE::2022-06-17.23:48:51::SCWPlatform::Trying to set the existing hwdb with name mb_design_wrapper_0
TRACE::2022-06-17.23:48:51::SCWPlatform::Opened existing hwdb mb_design_wrapper_0
TRACE::2022-06-17.23:48:51::SCWPlatform::Found the Hw Db part of the input DSA
TRACE::2022-06-17.23:48:51::SCWMssOS::Checking the sw design at  C:/Users/Raquel/Desktop/Project_CR/projeto/palindrome_vitis_v2/mb_design_palindrome_v2/microblaze_0/standalone_microblaze_0/bsp/system.mss
TRACE::2022-06-17.23:48:51::SCWMssOS::DEBUG:  swdes dump  C:/Users/Raquel/Desktop/Project_CR/projeto/palindrome_vitis_v2/mb_design_palindrome_v2/microblaze_0/standalone_microblaze_0/bsp/system.mss|system||

TRACE::2022-06-17.23:48:51::SCWMssOS::Sw design exists and opened at  C:/Users/Raquel/Desktop/Project_CR/projeto/palindrome_vitis_v2/mb_design_palindrome_v2/microblaze_0/standalone_microblaze_0/bsp/system.mss
TRACE::2022-06-17.23:48:51::SCWWriter::formatted JSON is {
	"platformName":	"mb_design_palindrome_v2",
	"sprVersion":	"2.0",
	"mode":	"gui",
	"dsaType":	"Fixed",
	"platformDesc":	"mb_design_palindrome_v2",
	"platHandOff":	"C:/Users/Raquel/Desktop/Project_CR/projeto/palindrome/mb_design_palindrome_v2.xsa",
	"platIntHandOff":	"<platformDir>/hw/mb_design_palindrome_v2.xsa",
	"deviceType":	"FPGA",
	"platIsPrebuiltAutogen":	"false",
	"platIsNoBootBsp":	"false",
	"hasFsblMakeHasChanges":	"false",
	"hasPmufwMakeHasChanges":	"false",
	"platPreBuiltFlag":	false,
	"platformSamplesDir":	"",
	"platActiveSys":	"mb_design_palindrome_v2",
	"systems":	[{
			"systemName":	"mb_design_palindrome_v2",
			"systemDesc":	"mb_design_palindrome_v2",
			"sysIsBootAutoGen":	"true",
			"systemDispName":	"mb_design_palindrome_v2",
			"sysActiveDom":	"standalone_microblaze_0",
			"sysDefaultDom":	"standalone_microblaze_0",
			"domains":	[{
					"domainName":	"standalone_microblaze_0",
					"domainDispName":	"standalone_microblaze_0",
					"domainDesc":	"standalone_microblaze_0",
					"processors":	"microblaze_0",
					"os":	"standalone",
					"sdxOs":	"standalone",
					"debugEnable":	"False",
					"domRuntimes":	["cpp"],
					"swRepo":	"",
					"mssOsVer":	"7.3",
					"mssFile":	"",
					"md5Digest":	"fb7ed2e4d128746253e13d4e26013f65",
					"compatibleApp":	"hello_world",
					"domType":	"mssDomain",
					"arch":	"32-bit",
					"appSettings":	{
						"appCompilerFlags":	"",
						"appLinkerFlags":	""
					},
					"addedLibs":	[],
					"libOptions":	{
						"libsContainingOptions":	[]
					},
					"prebuiltLibs":	{
						"prebuiltIncPath":	[],
						"prebuiltLibPath":	[]
					},
					"isolation":	{
					}
				}]
		}]
}
KEYINFO::2022-06-17.23:48:51::SCWPlatform::updated the xpfm file.
TRACE::2022-06-17.23:48:51::SCWPlatform::Trying to open the hw design at C:/Users/Raquel/Desktop/Project_CR/projeto/palindrome_vitis_v2/mb_design_palindrome_v2/hw/mb_design_palindrome_v2.xsa
TRACE::2022-06-17.23:48:51::SCWPlatform::DSA given C:/Users/Raquel/Desktop/Project_CR/projeto/palindrome_vitis_v2/mb_design_palindrome_v2/hw/mb_design_palindrome_v2.xsa
TRACE::2022-06-17.23:48:51::SCWPlatform::DSA absoulate path C:/Users/Raquel/Desktop/Project_CR/projeto/palindrome_vitis_v2/mb_design_palindrome_v2/hw/mb_design_palindrome_v2.xsa
TRACE::2022-06-17.23:48:51::SCWPlatform::DSA directory C:/Users/Raquel/Desktop/Project_CR/projeto/palindrome_vitis_v2/mb_design_palindrome_v2/hw
TRACE::2022-06-17.23:48:51::SCWPlatform:: Platform Path C:/Users/Raquel/Desktop/Project_CR/projeto/palindrome_vitis_v2/mb_design_palindrome_v2/hw/mb_design_palindrome_v2.xsa
TRACE::2022-06-17.23:48:51::SCWPlatform:: Unique name xilinx:nexys4::0.0
TRACE::2022-06-17.23:48:51::SCWPlatform::Trying to set the existing hwdb with name mb_design_wrapper_0
TRACE::2022-06-17.23:48:51::SCWPlatform::Opened existing hwdb mb_design_wrapper_0
TRACE::2022-06-17.23:48:51::SCWPlatform::Found the Hw Db part of the input DSA
TRACE::2022-06-17.23:48:51::SCWMssOS::Checking the sw design at  C:/Users/Raquel/Desktop/Project_CR/projeto/palindrome_vitis_v2/mb_design_palindrome_v2/microblaze_0/standalone_microblaze_0/bsp/system.mss
TRACE::2022-06-17.23:48:51::SCWMssOS::DEBUG:  swdes dump  C:/Users/Raquel/Desktop/Project_CR/projeto/palindrome_vitis_v2/mb_design_palindrome_v2/microblaze_0/standalone_microblaze_0/bsp/system.mss|system||

TRACE::2022-06-17.23:48:51::SCWMssOS::Sw design exists and opened at  C:/Users/Raquel/Desktop/Project_CR/projeto/palindrome_vitis_v2/mb_design_palindrome_v2/microblaze_0/standalone_microblaze_0/bsp/system.mss
